{"C:\\Users\\THINKPAD-I5 Pro EVO\\Desktop\\Software developtment\\avito_internship\\src\\app.tsx": {"path":"C:\\Users\\THINKPAD-I5 Pro EVO\\Desktop\\Software developtment\\avito_internship\\src\\app.tsx","statementMap":{"0":{"start":{"line":1,"column":0},"end":{"line":1,"column":49}},"1":{"start":{"line":2,"column":0},"end":{"line":2,"column":34}},"2":{"start":{"line":3,"column":0},"end":{"line":3,"column":49}},"3":{"start":{"line":4,"column":0},"end":{"line":4,"column":49}},"4":{"start":{"line":5,"column":0},"end":{"line":5,"column":46}},"5":{"start":{"line":6,"column":0},"end":{"line":6,"column":69}},"6":{"start":{"line":7,"column":0},"end":{"line":7,"column":57}},"7":{"start":{"line":8,"column":0},"end":{"line":8,"column":67}},"8":{"start":{"line":9,"column":0},"end":{"line":9,"column":29}},"9":{"start":{"line":10,"column":0},"end":{"line":10,"column":90}},"10":{"start":{"line":12,"column":19},"end":{"line":33,"column":1}},"11":{"start":{"line":13,"column":18},"end":{"line":13,"column":34}},"12":{"start":{"line":15,"column":2},"end":{"line":17,"column":16}},"13":{"start":{"line":16,"column":4},"end":{"line":16,"column":46}},"14":{"start":{"line":19,"column":17},"end":{"line":19,"column":63}},"15":{"start":{"line":19,"column":43},"end":{"line":19,"column":63}},"16":{"start":{"line":21,"column":2},"end":{"line":32,"column":4}},"17":{"start":{"line":12,"column":13},"end":{"line":12,"column":19}}},"fnMap":{"0":{"name":"(anonymous_1)","decl":{"start":{"line":12,"column":19},"end":{"line":12,"column":null}},"loc":{"start":{"line":12,"column":19},"end":{"line":33,"column":1}}},"1":{"name":"(anonymous_2)","decl":{"start":{"line":15,"column":12},"end":{"line":15,"column":null}},"loc":{"start":{"line":15,"column":12},"end":{"line":17,"column":3}}},"2":{"name":"(anonymous_3)","decl":{"start":{"line":19,"column":32},"end":{"line":19,"column":33}},"loc":{"start":{"line":19,"column":38},"end":{"line":19,"column":48}}}},"branchMap":{},"s":{"0":0,"1":0,"2":0,"3":0,"4":0,"5":0,"6":0,"7":0,"8":0,"9":0,"10":0,"11":0,"12":0,"13":0,"14":0,"15":0,"16":0,"17":0},"f":{"0":0,"1":0,"2":0},"b":{}}
,"C:\\Users\\THINKPAD-I5 Pro EVO\\Desktop\\Software developtment\\avito_internship\\src\\index.tsx": {"path":"C:\\Users\\THINKPAD-I5 Pro EVO\\Desktop\\Software developtment\\avito_internship\\src\\index.tsx","statementMap":{"0":{"start":{"line":1,"column":0},"end":{"line":1,"column":26}},"1":{"start":{"line":2,"column":0},"end":{"line":2,"column":40}},"2":{"start":{"line":3,"column":0},"end":{"line":3,"column":49}},"3":{"start":{"line":4,"column":0},"end":{"line":4,"column":39}},"4":{"start":{"line":5,"column":0},"end":{"line":5,"column":28}},"5":{"start":{"line":6,"column":0},"end":{"line":6,"column":86}},"6":{"start":{"line":7,"column":0},"end":{"line":7,"column":84}},"7":{"start":{"line":8,"column":0},"end":{"line":8,"column":28}},"8":{"start":{"line":10,"column":0},"end":{"line":20,"column":2}}},"fnMap":{},"branchMap":{},"s":{"0":0,"1":0,"2":0,"3":0,"4":0,"5":0,"6":0,"7":0,"8":0},"f":{},"b":{}}
,"C:\\Users\\THINKPAD-I5 Pro EVO\\Desktop\\Software developtment\\avito_internship\\src\\components\\react-components\\CustomPagination\\CustomPagination.tsx": {"path":"C:\\Users\\THINKPAD-I5 Pro EVO\\Desktop\\Software developtment\\avito_internship\\src\\components\\react-components\\CustomPagination\\CustomPagination.tsx","statementMap":{"0":{"start":{"line":1,"column":0},"end":{"line":1,"column":76}},"1":{"start":{"line":2,"column":0},"end":{"line":2,"column":66}},"2":{"start":{"line":3,"column":0},"end":{"line":3,"column":52}},"3":{"start":{"line":4,"column":0},"end":{"line":4,"column":36}},"4":{"start":{"line":5,"column":0},"end":{"line":5,"column":51}},"5":{"start":{"line":10,"column":25},"end":{"line":33,"column":1}},"6":{"start":{"line":10,"column":38},"end":{"line":10,"column":47}},"7":{"start":{"line":11,"column":32},"end":{"line":11,"column":39}},"8":{"start":{"line":12,"column":19},"end":{"line":12,"column":35}},"9":{"start":{"line":13,"column":42},"end":{"line":13,"column":59}},"10":{"start":{"line":13,"column":21},"end":{"line":13,"column":23}},"11":{"start":{"line":13,"column":38},"end":{"line":13,"column":42}},"12":{"start":{"line":14,"column":22},"end":{"line":14,"column":72}},"13":{"start":{"line":14,"column":48},"end":{"line":14,"column":72}},"14":{"start":{"line":16,"column":32},"end":{"line":26,"column":4}},"15":{"start":{"line":20,"column":6},"end":{"line":23,"column":10}},"16":{"start":{"line":20,"column":32},"end":{"line":23,"column":9}},"17":{"start":{"line":24,"column":6},"end":{"line":24,"column":56}},"18":{"start":{"line":28,"column":2},"end":{"line":32,"column":4}},"19":{"start":{"line":35,"column":0},"end":{"line":35,"column":32}},"20":{"start":{"line":43,"column":40},"end":{"line":107,"column":1}},"21":{"start":{"line":44,"column":13},"end":{"line":44,"column":null}},"22":{"start":{"line":45,"column":12},"end":{"line":45,"column":null}},"23":{"start":{"line":46,"column":13},"end":{"line":46,"column":null}},"24":{"start":{"line":48,"column":32},"end":{"line":104,"column":44}},"25":{"start":{"line":49,"column":18},"end":{"line":49,"column":20}},"26":{"start":{"line":51,"column":4},"end":{"line":51,"column":80}},"27":{"start":{"line":51,"column":60},"end":{"line":51,"column":78}},"28":{"start":{"line":52,"column":4},"end":{"line":58,"column":6}},"29":{"start":{"line":55,"column":23},"end":{"line":55,"column":null}},"30":{"start":{"line":60,"column":20},"end":{"line":60,"column":48}},"31":{"start":{"line":61,"column":18},"end":{"line":61,"column":55}},"32":{"start":{"line":63,"column":4},"end":{"line":65,"column":5}},"33":{"start":{"line":64,"column":6},"end":{"line":64,"column":40}},"34":{"start":{"line":67,"column":4},"end":{"line":69,"column":5}},"35":{"start":{"line":68,"column":6},"end":{"line":68,"column":46}},"36":{"start":{"line":71,"column":4},"end":{"line":73,"column":5}},"37":{"start":{"line":72,"column":6},"end":{"line":72,"column":61}},"38":{"start":{"line":76,"column":6},"end":{"line":84,"column":8}},"39":{"start":{"line":80,"column":25},"end":{"line":80,"column":null}},"40":{"start":{"line":75,"column":4},"end":{"line":85,"column":null}},"41":{"start":{"line":75,"column":22},"end":{"line":75,"column":31}},"42":{"start":{"line":75,"column":13},"end":{"line":75,"column":22}},"43":{"start":{"line":87,"column":4},"end":{"line":89,"column":5}},"44":{"start":{"line":88,"column":6},"end":{"line":88,"column":62}},"45":{"start":{"line":91,"column":4},"end":{"line":97,"column":6}},"46":{"start":{"line":94,"column":23},"end":{"line":94,"column":null}},"47":{"start":{"line":99,"column":4},"end":{"line":101,"column":6}},"48":{"start":{"line":100,"column":49},"end":{"line":100,"column":76}},"49":{"start":{"line":103,"column":4},"end":{"line":103,"column":17}},"50":{"start":{"line":106,"column":2},"end":{"line":106,"column":31}},"51":{"start":{"line":43,"column":13},"end":{"line":43,"column":40}}},"fnMap":{"0":{"name":"(anonymous_3)","decl":{"start":{"line":10,"column":25},"end":{"line":10,"column":26}},"loc":{"start":{"line":10,"column":47},"end":{"line":33,"column":1}}},"1":{"name":"(anonymous_4)","decl":{"start":{"line":14,"column":37},"end":{"line":14,"column":38}},"loc":{"start":{"line":14,"column":43},"end":{"line":14,"column":53}}},"2":{"name":"(anonymous_5)","decl":{"start":{"line":19,"column":17},"end":{"line":19,"column":18}},"loc":{"start":{"line":19,"column":30},"end":{"line":25,"column":5}}},"3":{"name":"(anonymous_6)","decl":{"start":{"line":20,"column":22},"end":{"line":20,"column":23}},"loc":{"start":{"line":20,"column":27},"end":{"line":20,"column":null}}},"4":{"name":"(anonymous_7)","decl":{"start":{"line":43,"column":40},"end":{"line":43,"column":41}},"loc":{"start":{"line":47,"column":29},"end":{"line":107,"column":1}}},"5":{"name":"(anonymous_8)","decl":{"start":{"line":48,"column":44},"end":{"line":48,"column":null}},"loc":{"start":{"line":48,"column":44},"end":{"line":104,"column":3}}},"6":{"name":"(anonymous_9)","decl":{"start":{"line":51,"column":54},"end":{"line":51,"column":60}},"loc":{"start":{"line":51,"column":54},"end":{"line":51,"column":71}}},"7":{"name":"(anonymous_10)","decl":{"start":{"line":55,"column":17},"end":{"line":55,"column":23}},"loc":{"start":{"line":55,"column":17},"end":{"line":55,"column":34}}},"8":{"name":"(anonymous_12)","decl":{"start":{"line":80,"column":19},"end":{"line":80,"column":25}},"loc":{"start":{"line":80,"column":19},"end":{"line":80,"column":36}}},"9":{"name":"(anonymous_13)","decl":{"start":{"line":94,"column":17},"end":{"line":94,"column":23}},"loc":{"start":{"line":94,"column":17},"end":{"line":94,"column":34}}},"10":{"name":"(anonymous_14)","decl":{"start":{"line":100,"column":43},"end":{"line":100,"column":49}},"loc":{"start":{"line":100,"column":43},"end":{"line":100,"column":60}}}},"branchMap":{"0":{"loc":{"start":{"line":29,"column":22},"end":{"line":29,"column":47}},"type":"cond-expr","locations":[{"start":{"line":29,"column":36},"end":{"line":29,"column":40}},{"start":{"line":29,"column":43},"end":{"line":29,"column":47}}]},"1":{"loc":{"start":{"line":63,"column":4},"end":{"line":65,"column":5}},"type":"if","locations":[{"start":{"line":63,"column":4},"end":{"line":65,"column":5}}]},"2":{"loc":{"start":{"line":67,"column":4},"end":{"line":69,"column":5}},"type":"if","locations":[{"start":{"line":67,"column":4},"end":{"line":69,"column":5}}]},"3":{"loc":{"start":{"line":71,"column":4},"end":{"line":73,"column":5}},"type":"if","locations":[{"start":{"line":71,"column":4},"end":{"line":73,"column":5}}]},"4":{"loc":{"start":{"line":87,"column":4},"end":{"line":89,"column":5}},"type":"if","locations":[{"start":{"line":87,"column":4},"end":{"line":89,"column":5}}]}},"s":{"0":1,"1":1,"2":1,"3":1,"4":1,"5":1,"6":6,"7":6,"8":6,"9":6,"10":6,"11":6,"12":6,"13":7,"14":6,"15":1,"16":1,"17":1,"18":6,"19":1,"20":1,"21":6,"22":6,"23":6,"24":6,"25":6,"26":6,"27":0,"28":6,"29":0,"30":6,"31":6,"32":6,"33":6,"34":6,"35":0,"36":6,"37":0,"38":30,"39":1,"40":6,"41":6,"42":30,"43":6,"44":0,"45":6,"46":0,"47":6,"48":0,"49":6,"50":6,"51":1},"f":{"0":6,"1":7,"2":1,"3":1,"4":6,"5":6,"6":0,"7":0,"8":1,"9":0,"10":0},"b":{"0":[6,0],"1":[6],"2":[0],"3":[0],"4":[0]}}
,"C:\\Users\\THINKPAD-I5 Pro EVO\\Desktop\\Software developtment\\avito_internship\\src\\components\\react-components\\ErrorBoundary\\ErrorBoundary.tsx": {"path":"C:\\Users\\THINKPAD-I5 Pro EVO\\Desktop\\Software developtment\\avito_internship\\src\\components\\react-components\\ErrorBoundary\\ErrorBoundary.tsx","statementMap":{"0":{"start":{"line":1,"column":0},"end":{"line":1,"column":41}},"1":{"start":{"line":4,"column":0},"end":{"line":4,"column":null}},"2":{"start":{"line":4,"column":43},"end":{"line":4,"column":52}},"3":{"start":{"line":9,"column":4},"end":{"line":9,"column":17}},"4":{"start":{"line":10,"column":4},"end":{"line":10,"column":37}},"5":{"start":{"line":13,"column":9},"end":{"line":16,"column":null}},"6":{"start":{"line":14,"column":4},"end":{"line":14,"column":36}},"7":{"start":{"line":15,"column":4},"end":{"line":15,"column":30}},"8":{"start":{"line":18,"column":2},"end":{"line":22,"column":null}},"9":{"start":{"line":19,"column":4},"end":{"line":19,"column":43}},"10":{"start":{"line":20,"column":4},"end":{"line":20,"column":58}},"11":{"start":{"line":21,"column":4},"end":{"line":21,"column":38}},"12":{"start":{"line":24,"column":2},"end":{"line":30,"column":null}},"13":{"start":{"line":25,"column":4},"end":{"line":27,"column":5}},"14":{"start":{"line":26,"column":6},"end":{"line":26,"column":33}},"15":{"start":{"line":29,"column":4},"end":{"line":29,"column":31}},"16":{"start":{"line":31,"column":0},"end":{"line":31,"column":null}}},"fnMap":{"0":{"name":"(anonymous_6)","decl":{"start":{"line":4,"column":0},"end":{"line":4,"column":43}},"loc":{"start":{"line":4,"column":0},"end":{"line":31,"column":null}}},"1":{"name":"ErrorBoundary","decl":{"start":{"line":8,"column":2},"end":{"line":8,"column":14}},"loc":{"start":{"line":8,"column":39},"end":{"line":11,"column":3}}},"2":{"name":"(anonymous_8)","decl":{"start":{"line":13,"column":2},"end":{"line":13,"column":9}},"loc":{"start":{"line":13,"column":2},"end":{"line":16,"column":3}}},"3":{"name":"(anonymous_9)","decl":{"start":{"line":18,"column":2},"end":{"line":18,"column":19}},"loc":{"start":{"line":18,"column":60},"end":{"line":22,"column":3}}},"4":{"name":"(anonymous_10)","decl":{"start":{"line":24,"column":2},"end":{"line":24,"column":8}},"loc":{"start":{"line":24,"column":2},"end":{"line":30,"column":3}}}},"branchMap":{"0":{"loc":{"start":{"line":9,"column":4},"end":{"line":9,"column":17}},"type":"binary-expr","locations":[{"start":{"line":9,"column":4},"end":{"line":9,"column":16}},{"start":{"line":9,"column":16},"end":{"line":9,"column":17}}]},"1":{"loc":{"start":{"line":25,"column":4},"end":{"line":27,"column":5}},"type":"if","locations":[{"start":{"line":25,"column":4},"end":{"line":27,"column":5}}]}},"s":{"0":0,"1":0,"2":0,"3":0,"4":0,"5":0,"6":0,"7":0,"8":0,"9":0,"10":0,"11":0,"12":0,"13":0,"14":0,"15":0,"16":0},"f":{"0":0,"1":0,"2":0,"3":0,"4":0},"b":{"0":[0,0],"1":[0]}}
,"C:\\Users\\THINKPAD-I5 Pro EVO\\Desktop\\Software developtment\\avito_internship\\src\\components\\react-components\\ErrorBoundary\\ErrorMessage.tsx": {"path":"C:\\Users\\THINKPAD-I5 Pro EVO\\Desktop\\Software developtment\\avito_internship\\src\\components\\react-components\\ErrorBoundary\\ErrorMessage.tsx","statementMap":{"0":{"start":{"line":1,"column":0},"end":{"line":1,"column":29}},"1":{"start":{"line":4,"column":2},"end":{"line":8,"column":4}},"2":{"start":{"line":3,"column":0},"end":{"line":3,"column":24}}},"fnMap":{"0":{"name":"ErrorMessage","decl":{"start":{"line":3,"column":24},"end":{"line":3,"column":36}},"loc":{"start":{"line":3,"column":36},"end":{"line":9,"column":1}}}},"branchMap":{},"s":{"0":0,"1":0,"2":0},"f":{"0":0},"b":{}}
,"C:\\Users\\THINKPAD-I5 Pro EVO\\Desktop\\Software developtment\\avito_internship\\src\\components\\react-components\\FilmCard\\FilmCard.tsx": {"path":"C:\\Users\\THINKPAD-I5 Pro EVO\\Desktop\\Software developtment\\avito_internship\\src\\components\\react-components\\FilmCard\\FilmCard.tsx","statementMap":{"0":{"start":{"line":1,"column":0},"end":{"line":1,"column":45}},"1":{"start":{"line":2,"column":0},"end":{"line":2,"column":null}},"2":{"start":{"line":7,"column":0},"end":{"line":7,"column":60}},"3":{"start":{"line":9,"column":0},"end":{"line":9,"column":49}},"4":{"start":{"line":10,"column":0},"end":{"line":10,"column":52}},"5":{"start":{"line":11,"column":0},"end":{"line":11,"column":52}},"6":{"start":{"line":12,"column":0},"end":{"line":12,"column":51}},"7":{"start":{"line":13,"column":0},"end":{"line":13,"column":55}},"8":{"start":{"line":14,"column":0},"end":{"line":14,"column":25}},"9":{"start":{"line":15,"column":0},"end":{"line":15,"column":43}},"10":{"start":{"line":16,"column":0},"end":{"line":16,"column":59}},"11":{"start":{"line":17,"column":0},"end":{"line":17,"column":38}},"12":{"start":{"line":23,"column":17},"end":{"line":107,"column":1}},"13":{"start":{"line":23,"column":24},"end":{"line":23,"column":33}},"14":{"start":{"line":33,"column":6},"end":{"line":33,"column":11}},"15":{"start":{"line":34,"column":17},"end":{"line":34,"column":45}},"16":{"start":{"line":35,"column":29},"end":{"line":35,"column":79}},"17":{"start":{"line":35,"column":55},"end":{"line":35,"column":79}},"18":{"start":{"line":36,"column":59},"end":{"line":39,"column":4}},"19":{"start":{"line":36,"column":27},"end":{"line":36,"column":40}},"20":{"start":{"line":36,"column":54},"end":{"line":36,"column":59}},"21":{"start":{"line":41,"column":29},"end":{"line":41,"column":79}},"22":{"start":{"line":41,"column":55},"end":{"line":41,"column":79}},"23":{"start":{"line":42,"column":59},"end":{"line":45,"column":4}},"24":{"start":{"line":42,"column":27},"end":{"line":42,"column":40}},"25":{"start":{"line":42,"column":54},"end":{"line":42,"column":59}},"26":{"start":{"line":47,"column":29},"end":{"line":47,"column":79}},"27":{"start":{"line":47,"column":55},"end":{"line":47,"column":79}},"28":{"start":{"line":48,"column":58},"end":{"line":51,"column":4}},"29":{"start":{"line":48,"column":26},"end":{"line":48,"column":39}},"30":{"start":{"line":48,"column":53},"end":{"line":48,"column":58}},"31":{"start":{"line":53,"column":2},"end":{"line":106,"column":4}},"32":{"start":{"line":109,"column":0},"end":{"line":109,"column":24}}},"fnMap":{"0":{"name":"(anonymous_1)","decl":{"start":{"line":23,"column":17},"end":{"line":23,"column":18}},"loc":{"start":{"line":23,"column":33},"end":{"line":107,"column":1}}},"1":{"name":"(anonymous_2)","decl":{"start":{"line":35,"column":44},"end":{"line":35,"column":45}},"loc":{"start":{"line":35,"column":50},"end":{"line":35,"column":60}}},"2":{"name":"(anonymous_3)","decl":{"start":{"line":41,"column":44},"end":{"line":41,"column":45}},"loc":{"start":{"line":41,"column":50},"end":{"line":41,"column":60}}},"3":{"name":"(anonymous_4)","decl":{"start":{"line":47,"column":44},"end":{"line":47,"column":45}},"loc":{"start":{"line":47,"column":50},"end":{"line":47,"column":60}}}},"branchMap":{"0":{"loc":{"start":{"line":56,"column":14},"end":{"line":56,"column":35}},"type":"binary-expr","locations":[{"start":{"line":56,"column":14},"end":{"line":56,"column":18}},{"start":{"line":56,"column":22},"end":{"line":56,"column":35}}]},"1":{"loc":{"start":{"line":57,"column":21},"end":{"line":57,"column":65}},"type":"binary-expr","locations":[{"start":{"line":57,"column":21},"end":{"line":57,"column":32}},{"start":{"line":57,"column":36},"end":{"line":57,"column":65}}]},"2":{"loc":{"start":{"line":62,"column":7},"end":{"line":65,"column":null}},"type":"cond-expr","locations":[{"start":{"line":63,"column":8},"end":{"line":63,"column":39}},{"start":{"line":65,"column":8},"end":{"line":65,"column":59}}]},"3":{"loc":{"start":{"line":67,"column":7},"end":{"line":76,"column":null}},"type":"cond-expr","locations":[{"start":{"line":68,"column":8},"end":{"line":68,"column":18}},{"start":{"line":70,"column":8},"end":{"line":75,"column":null}}]},"4":{"loc":{"start":{"line":67,"column":7},"end":{"line":67,"column":33}},"type":"binary-expr","locations":[{"start":{"line":67,"column":7},"end":{"line":67,"column":15}},{"start":{"line":67,"column":19},"end":{"line":67,"column":33}}]},"5":{"loc":{"start":{"line":71,"column":11},"end":{"line":74,"column":null}},"type":"cond-expr","locations":[{"start":{"line":72,"column":12},"end":{"line":72,"column":48}},{"start":{"line":74,"column":12},"end":{"line":74,"column":62}}]},"6":{"loc":{"start":{"line":78,"column":7},"end":{"line":87,"column":null}},"type":"cond-expr","locations":[{"start":{"line":79,"column":8},"end":{"line":79,"column":18}},{"start":{"line":81,"column":8},"end":{"line":86,"column":null}}]},"7":{"loc":{"start":{"line":82,"column":11},"end":{"line":85,"column":null}},"type":"cond-expr","locations":[{"start":{"line":83,"column":12},"end":{"line":83,"column":49}},{"start":{"line":85,"column":12},"end":{"line":85,"column":49}}]},"8":{"loc":{"start":{"line":89,"column":7},"end":{"line":98,"column":null}},"type":"cond-expr","locations":[{"start":{"line":90,"column":8},"end":{"line":90,"column":18}},{"start":{"line":92,"column":8},"end":{"line":97,"column":null}}]},"9":{"loc":{"start":{"line":93,"column":11},"end":{"line":96,"column":null}},"type":"cond-expr","locations":[{"start":{"line":94,"column":12},"end":{"line":94,"column":49}},{"start":{"line":96,"column":12},"end":{"line":96,"column":50}}]},"10":{"loc":{"start":{"line":100,"column":7},"end":{"line":103,"column":null}},"type":"cond-expr","locations":[{"start":{"line":101,"column":8},"end":{"line":101,"column":54}},{"start":{"line":103,"column":8},"end":{"line":103,"column":53}}]}},"s":{"0":0,"1":0,"2":0,"3":0,"4":0,"5":0,"6":0,"7":0,"8":0,"9":0,"10":0,"11":0,"12":0,"13":0,"14":0,"15":0,"16":0,"17":0,"18":0,"19":0,"20":0,"21":0,"22":0,"23":0,"24":0,"25":0,"26":0,"27":0,"28":0,"29":0,"30":0,"31":0,"32":0},"f":{"0":0,"1":0,"2":0,"3":0},"b":{"0":[0,0],"1":[0,0],"2":[0,0],"3":[0,0],"4":[0,0],"5":[0,0],"6":[0,0],"7":[0,0],"8":[0,0],"9":[0,0],"10":[0,0]}}
,"C:\\Users\\THINKPAD-I5 Pro EVO\\Desktop\\Software developtment\\avito_internship\\src\\components\\react-components\\FilmCard\\ActorsList\\ActorsList.tsx": {"path":"C:\\Users\\THINKPAD-I5 Pro EVO\\Desktop\\Software developtment\\avito_internship\\src\\components\\react-components\\FilmCard\\ActorsList\\ActorsList.tsx","statementMap":{"0":{"start":{"line":1,"column":0},"end":{"line":1,"column":52}},"1":{"start":{"line":2,"column":0},"end":{"line":2,"column":70}},"2":{"start":{"line":4,"column":0},"end":{"line":4,"column":83}},"3":{"start":{"line":5,"column":0},"end":{"line":5,"column":79}},"4":{"start":{"line":6,"column":0},"end":{"line":6,"column":69}},"5":{"start":{"line":7,"column":0},"end":{"line":7,"column":27}},"6":{"start":{"line":13,"column":36},"end":{"line":49,"column":1}},"7":{"start":{"line":13,"column":45},"end":{"line":13,"column":47}},"8":{"start":{"line":14,"column":23},"end":{"line":14,"column":46}},"9":{"start":{"line":15,"column":19},"end":{"line":15,"column":35}},"10":{"start":{"line":16,"column":22},"end":{"line":16,"column":71}},"11":{"start":{"line":16,"column":48},"end":{"line":16,"column":71}},"12":{"start":{"line":18,"column":21},"end":{"line":18,"column":53}},"13":{"start":{"line":19,"column":19},"end":{"line":19,"column":73}},"14":{"start":{"line":21,"column":32},"end":{"line":27,"column":4}},"15":{"start":{"line":25,"column":6},"end":{"line":25,"column":55}},"16":{"start":{"line":29,"column":2},"end":{"line":48,"column":4}},"17":{"start":{"line":33,"column":59},"end":{"line":42,"column":10}},"18":{"start":{"line":51,"column":0},"end":{"line":51,"column":26}}},"fnMap":{"0":{"name":"(anonymous_1)","decl":{"start":{"line":13,"column":36},"end":{"line":13,"column":37}},"loc":{"start":{"line":13,"column":47},"end":{"line":49,"column":1}}},"1":{"name":"(anonymous_2)","decl":{"start":{"line":16,"column":37},"end":{"line":16,"column":38}},"loc":{"start":{"line":16,"column":43},"end":{"line":16,"column":53}}},"2":{"name":"(anonymous_3)","decl":{"start":{"line":24,"column":17},"end":{"line":24,"column":18}},"loc":{"start":{"line":24,"column":30},"end":{"line":26,"column":5}}},"3":{"name":"(anonymous_4)","decl":{"start":{"line":33,"column":48},"end":{"line":33,"column":49}},"loc":{"start":{"line":33,"column":54},"end":{"line":33,"column":null}}}},"branchMap":{"0":{"loc":{"start":{"line":37,"column":19},"end":{"line":37,"column":50}},"type":"binary-expr","locations":[{"start":{"line":37,"column":19},"end":{"line":37,"column":30}},{"start":{"line":37,"column":34},"end":{"line":37,"column":50}}]},"1":{"loc":{"start":{"line":38,"column":19},"end":{"line":38,"column":50}},"type":"binary-expr","locations":[{"start":{"line":38,"column":19},"end":{"line":38,"column":29}},{"start":{"line":38,"column":33},"end":{"line":38,"column":50}}]}},"s":{"0":0,"1":0,"2":0,"3":0,"4":0,"5":0,"6":0,"7":0,"8":0,"9":0,"10":0,"11":0,"12":0,"13":0,"14":0,"15":0,"16":0,"17":0,"18":0},"f":{"0":0,"1":0,"2":0,"3":0},"b":{"0":[0,0],"1":[0,0]}}
,"C:\\Users\\THINKPAD-I5 Pro EVO\\Desktop\\Software developtment\\avito_internship\\src\\components\\react-components\\FilmCard\\FilmInfo\\FilmInfo.tsx": {"path":"C:\\Users\\THINKPAD-I5 Pro EVO\\Desktop\\Software developtment\\avito_internship\\src\\components\\react-components\\FilmCard\\FilmInfo\\FilmInfo.tsx","statementMap":{"0":{"start":{"line":2,"column":0},"end":{"line":2,"column":25}},"1":{"start":{"line":12,"column":17},"end":{"line":32,"column":1}},"2":{"start":{"line":12,"column":24},"end":{"line":12,"column":26}},"3":{"start":{"line":12,"column":37},"end":{"line":12,"column":39}},"4":{"start":{"line":12,"column":45},"end":{"line":12,"column":47}},"5":{"start":{"line":12,"column":53},"end":{"line":12,"column":55}},"6":{"start":{"line":12,"column":63},"end":{"line":12,"column":72}},"7":{"start":{"line":13,"column":2},"end":{"line":31,"column":4}},"8":{"start":{"line":34,"column":0},"end":{"line":34,"column":24}}},"fnMap":{"0":{"name":"(anonymous_0)","decl":{"start":{"line":12,"column":17},"end":{"line":12,"column":18}},"loc":{"start":{"line":12,"column":72},"end":{"line":32,"column":1}}}},"branchMap":{"0":{"loc":{"start":{"line":15,"column":7},"end":{"line":20,"column":null}},"type":"binary-expr","locations":[{"start":{"line":15,"column":7},"end":{"line":15,"column":13}},{"start":{"line":16,"column":8},"end":{"line":19,"column":null}}]},"1":{"loc":{"start":{"line":17,"column":15},"end":{"line":17,"column":45}},"type":"binary-expr","locations":[{"start":{"line":17,"column":15},"end":{"line":17,"column":25}},{"start":{"line":17,"column":29},"end":{"line":17,"column":45}}]},"2":{"loc":{"start":{"line":18,"column":15},"end":{"line":18,"column":33}},"type":"binary-expr","locations":[{"start":{"line":18,"column":15},"end":{"line":18,"column":19}},{"start":{"line":18,"column":23},"end":{"line":18,"column":33}}]},"3":{"loc":{"start":{"line":24,"column":11},"end":{"line":24,"column":42}},"type":"cond-expr","locations":[{"start":{"line":24,"column":22},"end":{"line":24,"column":31}},{"start":{"line":24,"column":34},"end":{"line":24,"column":42}}]},"4":{"loc":{"start":{"line":25,"column":15},"end":{"line":25,"column":41}},"type":"binary-expr","locations":[{"start":{"line":25,"column":15},"end":{"line":25,"column":19}},{"start":{"line":25,"column":23},"end":{"line":25,"column":41}}]},"5":{"loc":{"start":{"line":27,"column":12},"end":{"line":27,"column":41}},"type":"binary-expr","locations":[{"start":{"line":27,"column":12},"end":{"line":27,"column":23}},{"start":{"line":27,"column":27},"end":{"line":27,"column":41}}]},"6":{"loc":{"start":{"line":28,"column":32},"end":{"line":28,"column":59}},"type":"binary-expr","locations":[{"start":{"line":28,"column":32},"end":{"line":28,"column":41}},{"start":{"line":28,"column":45},"end":{"line":28,"column":59}}]}},"s":{"0":0,"1":0,"2":0,"3":0,"4":0,"5":0,"6":0,"7":0,"8":0},"f":{"0":0},"b":{"0":[0,0],"1":[0,0],"2":[0,0],"3":[0,0],"4":[0,0],"5":[0,0],"6":[0,0]}}
,"C:\\Users\\THINKPAD-I5 Pro EVO\\Desktop\\Software developtment\\avito_internship\\src\\components\\react-components\\FilmCard\\PostersList\\PostersList.tsx": {"path":"C:\\Users\\THINKPAD-I5 Pro EVO\\Desktop\\Software developtment\\avito_internship\\src\\components\\react-components\\FilmCard\\PostersList\\PostersList.tsx","statementMap":{"0":{"start":{"line":1,"column":0},"end":{"line":1,"column":48}},"1":{"start":{"line":2,"column":0},"end":{"line":2,"column":48}},"2":{"start":{"line":3,"column":0},"end":{"line":3,"column":60}},"3":{"start":{"line":5,"column":0},"end":{"line":5,"column":81}},"4":{"start":{"line":6,"column":0},"end":{"line":6,"column":28}},"5":{"start":{"line":12,"column":20},"end":{"line":52,"column":1}},"6":{"start":{"line":12,"column":30},"end":{"line":12,"column":39}},"7":{"start":{"line":13,"column":39},"end":{"line":13,"column":54}},"8":{"start":{"line":13,"column":18},"end":{"line":13,"column":20}},"9":{"start":{"line":13,"column":35},"end":{"line":13,"column":39}},"10":{"start":{"line":14,"column":28},"end":{"line":14,"column":39}},"11":{"start":{"line":14,"column":14},"end":{"line":14,"column":16}},"12":{"start":{"line":14,"column":24},"end":{"line":14,"column":28}},"13":{"start":{"line":16,"column":23},"end":{"line":22,"column":3}},"14":{"start":{"line":17,"column":4},"end":{"line":17,"column":26}},"15":{"start":{"line":17,"column":19},"end":{"line":17,"column":26}},"16":{"start":{"line":19,"column":4},"end":{"line":21,"column":7}},"17":{"start":{"line":20,"column":6},"end":{"line":20,"column":30}},"18":{"start":{"line":24,"column":25},"end":{"line":26,"column":null}},"19":{"start":{"line":29,"column":2},"end":{"line":51,"column":4}},"20":{"start":{"line":33,"column":41},"end":{"line":47,"column":12}},"21":{"start":{"line":36,"column":39},"end":{"line":44,"column":18}},"22":{"start":{"line":54,"column":0},"end":{"line":54,"column":27}}},"fnMap":{"0":{"name":"(anonymous_1)","decl":{"start":{"line":12,"column":20},"end":{"line":12,"column":21}},"loc":{"start":{"line":12,"column":39},"end":{"line":52,"column":1}}},"1":{"name":"(anonymous_2)","decl":{"start":{"line":16,"column":23},"end":{"line":16,"column":24}},"loc":{"start":{"line":16,"column":45},"end":{"line":22,"column":3}}},"2":{"name":"(anonymous_3)","decl":{"start":{"line":19,"column":20},"end":{"line":19,"column":null}},"loc":{"start":{"line":19,"column":20},"end":{"line":21,"column":5}}},"3":{"name":"(anonymous_4)","decl":{"start":{"line":33,"column":30},"end":{"line":33,"column":31}},"loc":{"start":{"line":33,"column":36},"end":{"line":33,"column":null}}},"4":{"name":"(anonymous_5)","decl":{"start":{"line":36,"column":27},"end":{"line":36,"column":28}},"loc":{"start":{"line":36,"column":34},"end":{"line":36,"column":null}}}},"branchMap":{"0":{"loc":{"start":{"line":17,"column":4},"end":{"line":17,"column":26}},"type":"if","locations":[{"start":{"line":17,"column":4},"end":{"line":17,"column":26}}]}},"s":{"0":0,"1":0,"2":0,"3":0,"4":0,"5":0,"6":0,"7":0,"8":0,"9":0,"10":0,"11":0,"12":0,"13":0,"14":0,"15":0,"16":0,"17":0,"18":0,"19":0,"20":0,"21":0,"22":0},"f":{"0":0,"1":0,"2":0,"3":0,"4":0},"b":{"0":[0]}}
,"C:\\Users\\THINKPAD-I5 Pro EVO\\Desktop\\Software developtment\\avito_internship\\src\\components\\react-components\\FilmCard\\ReviewsList\\ReviewsList.tsx": {"path":"C:\\Users\\THINKPAD-I5 Pro EVO\\Desktop\\Software developtment\\avito_internship\\src\\components\\react-components\\FilmCard\\ReviewsList\\ReviewsList.tsx","statementMap":{"0":{"start":{"line":1,"column":0},"end":{"line":1,"column":52}},"1":{"start":{"line":2,"column":0},"end":{"line":2,"column":60}},"2":{"start":{"line":3,"column":0},"end":{"line":3,"column":79}},"3":{"start":{"line":4,"column":0},"end":{"line":4,"column":69}},"4":{"start":{"line":6,"column":0},"end":{"line":6,"column":71}},"5":{"start":{"line":7,"column":0},"end":{"line":7,"column":83}},"6":{"start":{"line":8,"column":0},"end":{"line":8,"column":28}},"7":{"start":{"line":14,"column":20},"end":{"line":42,"column":1}},"8":{"start":{"line":14,"column":30},"end":{"line":14,"column":39}},"9":{"start":{"line":15,"column":19},"end":{"line":15,"column":35}},"10":{"start":{"line":16,"column":22},"end":{"line":16,"column":72}},"11":{"start":{"line":16,"column":48},"end":{"line":16,"column":72}},"12":{"start":{"line":18,"column":32},"end":{"line":24,"column":4}},"13":{"start":{"line":22,"column":6},"end":{"line":22,"column":56}},"14":{"start":{"line":26,"column":2},"end":{"line":41,"column":4}},"15":{"start":{"line":29,"column":36},"end":{"line":36,"column":8}},"16":{"start":{"line":44,"column":0},"end":{"line":44,"column":27}}},"fnMap":{"0":{"name":"(anonymous_1)","decl":{"start":{"line":14,"column":20},"end":{"line":14,"column":21}},"loc":{"start":{"line":14,"column":39},"end":{"line":42,"column":1}}},"1":{"name":"(anonymous_2)","decl":{"start":{"line":16,"column":37},"end":{"line":16,"column":38}},"loc":{"start":{"line":16,"column":43},"end":{"line":16,"column":53}}},"2":{"name":"(anonymous_3)","decl":{"start":{"line":21,"column":17},"end":{"line":21,"column":18}},"loc":{"start":{"line":21,"column":30},"end":{"line":23,"column":5}}},"3":{"name":"(anonymous_4)","decl":{"start":{"line":29,"column":24},"end":{"line":29,"column":25}},"loc":{"start":{"line":29,"column":31},"end":{"line":29,"column":null}}}},"branchMap":{},"s":{"0":0,"1":0,"2":0,"3":0,"4":0,"5":0,"6":0,"7":0,"8":0,"9":0,"10":0,"11":0,"12":0,"13":0,"14":0,"15":0,"16":0},"f":{"0":0,"1":0,"2":0,"3":0},"b":{}}
,"C:\\Users\\THINKPAD-I5 Pro EVO\\Desktop\\Software developtment\\avito_internship\\src\\components\\react-components\\FilmCard\\SeasonsList\\SeasonList.tsx": {"path":"C:\\Users\\THINKPAD-I5 Pro EVO\\Desktop\\Software developtment\\avito_internship\\src\\components\\react-components\\FilmCard\\SeasonsList\\SeasonList.tsx","statementMap":{"0":{"start":{"line":1,"column":0},"end":{"line":1,"column":64}},"1":{"start":{"line":2,"column":0},"end":{"line":2,"column":52}},"2":{"start":{"line":3,"column":0},"end":{"line":3,"column":79}},"3":{"start":{"line":4,"column":0},"end":{"line":4,"column":69}},"4":{"start":{"line":6,"column":0},"end":{"line":6,"column":28}},"5":{"start":{"line":12,"column":20},"end":{"line":85,"column":1}},"6":{"start":{"line":12,"column":30},"end":{"line":12,"column":39}},"7":{"start":{"line":13,"column":19},"end":{"line":13,"column":35}},"8":{"start":{"line":14,"column":22},"end":{"line":14,"column":72}},"9":{"start":{"line":14,"column":48},"end":{"line":14,"column":72}},"10":{"start":{"line":15,"column":48},"end":{"line":15,"column":75}},"11":{"start":{"line":15,"column":24},"end":{"line":15,"column":26}},"12":{"start":{"line":15,"column":44},"end":{"line":15,"column":48}},"13":{"start":{"line":17,"column":18},"end":{"line":21,"column":null}},"14":{"start":{"line":19,"column":6},"end":{"line":19,"column":56}},"15":{"start":{"line":24,"column":2},"end":{"line":42,"column":44}},"16":{"start":{"line":25,"column":27},"end":{"line":39,"column":5}},"17":{"start":{"line":26,"column":35},"end":{"line":26,"column":37}},"18":{"start":{"line":28,"column":8},"end":{"line":36,"column":10}},"19":{"start":{"line":32,"column":27},"end":{"line":32,"column":null}},"20":{"start":{"line":27,"column":6},"end":{"line":37,"column":null}},"21":{"start":{"line":27,"column":24},"end":{"line":27,"column":25}},"22":{"start":{"line":27,"column":15},"end":{"line":27,"column":24}},"23":{"start":{"line":38,"column":6},"end":{"line":38,"column":42}},"24":{"start":{"line":41,"column":4},"end":{"line":41,"column":34}},"25":{"start":{"line":44,"column":2},"end":{"line":84,"column":4}},"26":{"start":{"line":47,"column":38},"end":{"line":81,"column":10}},"27":{"start":{"line":66,"column":60},"end":{"line":77,"column":18}},"28":{"start":{"line":87,"column":0},"end":{"line":87,"column":27}}},"fnMap":{"0":{"name":"(anonymous_7)","decl":{"start":{"line":12,"column":20},"end":{"line":12,"column":21}},"loc":{"start":{"line":12,"column":39},"end":{"line":85,"column":1}}},"1":{"name":"(anonymous_8)","decl":{"start":{"line":14,"column":37},"end":{"line":14,"column":38}},"loc":{"start":{"line":14,"column":43},"end":{"line":14,"column":53}}},"2":{"name":"(anonymous_9)","decl":{"start":{"line":18,"column":4},"end":{"line":18,"column":5}},"loc":{"start":{"line":18,"column":17},"end":{"line":20,"column":5}}},"3":{"name":"(anonymous_10)","decl":{"start":{"line":24,"column":12},"end":{"line":24,"column":null}},"loc":{"start":{"line":24,"column":12},"end":{"line":42,"column":3}}},"4":{"name":"(anonymous_11)","decl":{"start":{"line":25,"column":27},"end":{"line":25,"column":28}},"loc":{"start":{"line":25,"column":41},"end":{"line":39,"column":5}}},"5":{"name":"(anonymous_13)","decl":{"start":{"line":32,"column":21},"end":{"line":32,"column":27}},"loc":{"start":{"line":32,"column":21},"end":{"line":32,"column":34}}},"6":{"name":"(anonymous_14)","decl":{"start":{"line":47,"column":26},"end":{"line":47,"column":27}},"loc":{"start":{"line":47,"column":33},"end":{"line":81,"column":10}}},"7":{"name":"(anonymous_15)","decl":{"start":{"line":66,"column":37},"end":{"line":66,"column":38}},"loc":{"start":{"line":66,"column":55},"end":{"line":77,"column":18}}}},"branchMap":{"0":{"loc":{"start":{"line":34,"column":13},"end":{"line":34,"column":32}},"type":"cond-expr","locations":[{"start":{"line":34,"column":27},"end":{"line":34,"column":31}},{"start":{"line":34,"column":31},"end":{"line":34,"column":32}}]},"1":{"loc":{"start":{"line":34,"column":13},"end":{"line":34,"column":31}},"type":"binary-expr","locations":[{"start":{"line":34,"column":13},"end":{"line":34,"column":31}},{"start":{"line":34,"column":27},"end":{"line":34,"column":31}}]},"2":{"loc":{"start":{"line":57,"column":17},"end":{"line":62,"column":null}},"type":"binary-expr","locations":[{"start":{"line":57,"column":17},"end":{"line":57,"column":30}},{"start":{"line":57,"column":34},"end":{"line":57,"column":51}},{"start":{"line":58,"column":18},"end":{"line":61,"column":null}}]},"3":{"loc":{"start":{"line":60,"column":25},"end":{"line":60,"column":62}},"type":"cond-expr","locations":[{"start":{"line":60,"column":42},"end":{"line":60,"column":46}},{"start":{"line":60,"column":46},"end":{"line":60,"column":62}}]},"4":{"loc":{"start":{"line":60,"column":25},"end":{"line":60,"column":46}},"type":"binary-expr","locations":[{"start":{"line":60,"column":25},"end":{"line":60,"column":46}},{"start":{"line":60,"column":42},"end":{"line":60,"column":46}}]},"5":{"loc":{"start":{"line":61,"column":25},"end":{"line":61,"column":71}},"type":"cond-expr","locations":[{"start":{"line":61,"column":38},"end":{"line":61,"column":42}},{"start":{"line":61,"column":42},"end":{"line":61,"column":71}}]},"6":{"loc":{"start":{"line":61,"column":25},"end":{"line":61,"column":42}},"type":"binary-expr","locations":[{"start":{"line":61,"column":25},"end":{"line":61,"column":42}},{"start":{"line":61,"column":38},"end":{"line":61,"column":42}}]},"7":{"loc":{"start":{"line":68,"column":21},"end":{"line":73,"column":null}},"type":"binary-expr","locations":[{"start":{"line":68,"column":21},"end":{"line":68,"column":34}},{"start":{"line":69,"column":22},"end":{"line":72,"column":null}}]},"8":{"loc":{"start":{"line":71,"column":29},"end":{"line":71,"column":66}},"type":"cond-expr","locations":[{"start":{"line":71,"column":46},"end":{"line":71,"column":50}},{"start":{"line":71,"column":50},"end":{"line":71,"column":66}}]},"9":{"loc":{"start":{"line":71,"column":29},"end":{"line":71,"column":50}},"type":"binary-expr","locations":[{"start":{"line":71,"column":29},"end":{"line":71,"column":50}},{"start":{"line":71,"column":46},"end":{"line":71,"column":50}}]},"10":{"loc":{"start":{"line":72,"column":29},"end":{"line":72,"column":75}},"type":"cond-expr","locations":[{"start":{"line":72,"column":41},"end":{"line":72,"column":45}},{"start":{"line":72,"column":45},"end":{"line":72,"column":75}}]},"11":{"loc":{"start":{"line":72,"column":29},"end":{"line":72,"column":45}},"type":"binary-expr","locations":[{"start":{"line":72,"column":29},"end":{"line":72,"column":45}},{"start":{"line":72,"column":41},"end":{"line":72,"column":45}}]},"12":{"loc":{"start":{"line":75,"column":24},"end":{"line":75,"column":70}},"type":"cond-expr","locations":[{"start":{"line":75,"column":36},"end":{"line":75,"column":40}},{"start":{"line":75,"column":40},"end":{"line":75,"column":70}}]},"13":{"loc":{"start":{"line":75,"column":24},"end":{"line":75,"column":40}},"type":"binary-expr","locations":[{"start":{"line":75,"column":24},"end":{"line":75,"column":40}},{"start":{"line":75,"column":36},"end":{"line":75,"column":40}}]}},"s":{"0":0,"1":0,"2":0,"3":0,"4":0,"5":0,"6":0,"7":0,"8":0,"9":0,"10":0,"11":0,"12":0,"13":0,"14":0,"15":0,"16":0,"17":0,"18":0,"19":0,"20":0,"21":0,"22":0,"23":0,"24":0,"25":0,"26":0,"27":0,"28":0},"f":{"0":0,"1":0,"2":0,"3":0,"4":0,"5":0,"6":0,"7":0},"b":{"0":[0,0],"1":[0,0],"2":[0,0,0],"3":[0,0],"4":[0,0],"5":[0,0],"6":[0,0],"7":[0,0],"8":[0,0],"9":[0,0],"10":[0,0],"11":[0,0],"12":[0,0],"13":[0,0]}}
,"C:\\Users\\THINKPAD-I5 Pro EVO\\Desktop\\Software developtment\\avito_internship\\src\\components\\react-components\\FilmCard\\SimilarFilms\\SimilarFilms.tsx": {"path":"C:\\Users\\THINKPAD-I5 Pro EVO\\Desktop\\Software developtment\\avito_internship\\src\\components\\react-components\\FilmCard\\SimilarFilms\\SimilarFilms.tsx","statementMap":{"0":{"start":{"line":1,"column":0},"end":{"line":1,"column":48}},"1":{"start":{"line":2,"column":0},"end":{"line":2,"column":52}},"2":{"start":{"line":3,"column":0},"end":{"line":3,"column":40}},"3":{"start":{"line":4,"column":0},"end":{"line":4,"column":60}},"4":{"start":{"line":6,"column":0},"end":{"line":6,"column":null}},"5":{"start":{"line":10,"column":0},"end":{"line":10,"column":29}},"6":{"start":{"line":16,"column":21},"end":{"line":67,"column":1}},"7":{"start":{"line":16,"column":37},"end":{"line":16,"column":46}},"8":{"start":{"line":17,"column":39},"end":{"line":17,"column":54}},"9":{"start":{"line":17,"column":18},"end":{"line":17,"column":20}},"10":{"start":{"line":17,"column":35},"end":{"line":17,"column":39}},"11":{"start":{"line":18,"column":28},"end":{"line":18,"column":39}},"12":{"start":{"line":18,"column":14},"end":{"line":18,"column":16}},"13":{"start":{"line":18,"column":24},"end":{"line":18,"column":28}},"14":{"start":{"line":19,"column":32},"end":{"line":19,"column":39}},"15":{"start":{"line":21,"column":23},"end":{"line":27,"column":3}},"16":{"start":{"line":22,"column":4},"end":{"line":22,"column":26}},"17":{"start":{"line":22,"column":19},"end":{"line":22,"column":26}},"18":{"start":{"line":24,"column":4},"end":{"line":26,"column":7}},"19":{"start":{"line":25,"column":6},"end":{"line":25,"column":30}},"20":{"start":{"line":29,"column":24},"end":{"line":31,"column":null}},"21":{"start":{"line":34,"column":2},"end":{"line":66,"column":4}},"22":{"start":{"line":43,"column":38},"end":{"line":63,"column":10}},"23":{"start":{"line":46,"column":36},"end":{"line":60,"column":16}},"24":{"start":{"line":69,"column":0},"end":{"line":69,"column":28}}},"fnMap":{"0":{"name":"(anonymous_1)","decl":{"start":{"line":16,"column":21},"end":{"line":16,"column":22}},"loc":{"start":{"line":16,"column":46},"end":{"line":67,"column":1}}},"1":{"name":"(anonymous_2)","decl":{"start":{"line":21,"column":23},"end":{"line":21,"column":24}},"loc":{"start":{"line":21,"column":45},"end":{"line":27,"column":3}}},"2":{"name":"(anonymous_3)","decl":{"start":{"line":24,"column":20},"end":{"line":24,"column":null}},"loc":{"start":{"line":24,"column":20},"end":{"line":26,"column":5}}},"3":{"name":"(anonymous_4)","decl":{"start":{"line":43,"column":27},"end":{"line":43,"column":28}},"loc":{"start":{"line":43,"column":33},"end":{"line":43,"column":null}}},"4":{"name":"(anonymous_5)","decl":{"start":{"line":46,"column":25},"end":{"line":46,"column":26}},"loc":{"start":{"line":46,"column":31},"end":{"line":46,"column":null}}}},"branchMap":{"0":{"loc":{"start":{"line":22,"column":4},"end":{"line":22,"column":26}},"type":"if","locations":[{"start":{"line":22,"column":4},"end":{"line":22,"column":26}}]},"1":{"loc":{"start":{"line":31,"column":4},"end":{"line":31,"column":80}},"type":"cond-expr","locations":[{"start":{"line":31,"column":18},"end":{"line":31,"column":44}},{"start":{"line":31,"column":47},"end":{"line":31,"column":80}}]},"2":{"loc":{"start":{"line":55,"column":27},"end":{"line":55,"column":63}},"type":"binary-expr","locations":[{"start":{"line":55,"column":27},"end":{"line":55,"column":43}},{"start":{"line":55,"column":47},"end":{"line":55,"column":63}}]}},"s":{"0":0,"1":0,"2":0,"3":0,"4":0,"5":0,"6":0,"7":0,"8":0,"9":0,"10":0,"11":0,"12":0,"13":0,"14":0,"15":0,"16":0,"17":0,"18":0,"19":0,"20":0,"21":0,"22":0,"23":0,"24":0},"f":{"0":0,"1":0,"2":0,"3":0,"4":0},"b":{"0":[0],"1":[0,0],"2":[0,0]}}
,"C:\\Users\\THINKPAD-I5 Pro EVO\\Desktop\\Software developtment\\avito_internship\\src\\components\\react-components\\FilmList\\FilmList.tsx": {"path":"C:\\Users\\THINKPAD-I5 Pro EVO\\Desktop\\Software developtment\\avito_internship\\src\\components\\react-components\\FilmList\\FilmList.tsx","statementMap":{"0":{"start":{"line":2,"column":0},"end":{"line":2,"column":31}},"1":{"start":{"line":3,"column":0},"end":{"line":3,"column":25}},"2":{"start":{"line":10,"column":17},"end":{"line":23,"column":1}},"3":{"start":{"line":10,"column":25},"end":{"line":10,"column":27}},"4":{"start":{"line":10,"column":32},"end":{"line":10,"column":41}},"5":{"start":{"line":11,"column":2},"end":{"line":22,"column":4}},"6":{"start":{"line":17,"column":29},"end":{"line":19,"column":10}},"7":{"start":{"line":25,"column":0},"end":{"line":25,"column":24}}},"fnMap":{"0":{"name":"(anonymous_1)","decl":{"start":{"line":10,"column":17},"end":{"line":10,"column":18}},"loc":{"start":{"line":10,"column":41},"end":{"line":23,"column":1}}},"1":{"name":"(anonymous_2)","decl":{"start":{"line":17,"column":19},"end":{"line":17,"column":20}},"loc":{"start":{"line":17,"column":24},"end":{"line":17,"column":null}}}},"branchMap":{},"s":{"0":1,"1":1,"2":1,"3":6,"4":6,"5":6,"6":6,"7":1},"f":{"0":6,"1":6},"b":{}}
,"C:\\Users\\THINKPAD-I5 Pro EVO\\Desktop\\Software developtment\\avito_internship\\src\\components\\react-components\\FilmList\\Card\\Card.tsx": {"path":"C:\\Users\\THINKPAD-I5 Pro EVO\\Desktop\\Software developtment\\avito_internship\\src\\components\\react-components\\FilmList\\Card\\Card.tsx","statementMap":{"0":{"start":{"line":1,"column":0},"end":{"line":1,"column":40}},"1":{"start":{"line":3,"column":0},"end":{"line":3,"column":21}},"2":{"start":{"line":9,"column":13},"end":{"line":28,"column":1}},"3":{"start":{"line":9,"column":20},"end":{"line":9,"column":29}},"4":{"start":{"line":11,"column":4},"end":{"line":14,"column":26}},"5":{"start":{"line":16,"column":2},"end":{"line":27,"column":4}},"6":{"start":{"line":30,"column":0},"end":{"line":30,"column":20}}},"fnMap":{"0":{"name":"(anonymous_0)","decl":{"start":{"line":9,"column":13},"end":{"line":9,"column":14}},"loc":{"start":{"line":9,"column":29},"end":{"line":28,"column":1}}}},"branchMap":{"0":{"loc":{"start":{"line":11,"column":4},"end":{"line":14,"column":26}},"type":"binary-expr","locations":[{"start":{"line":11,"column":4},"end":{"line":11,"column":13}},{"start":{"line":12,"column":4},"end":{"line":12,"column":24}},{"start":{"line":13,"column":5},"end":{"line":13,"column":15}},{"start":{"line":13,"column":19},"end":{"line":13,"column":38}},{"start":{"line":14,"column":4},"end":{"line":14,"column":26}}]},"1":{"loc":{"start":{"line":13,"column":19},"end":{"line":13,"column":38}},"type":"cond-expr","locations":[{"start":{"line":13,"column":32},"end":{"line":13,"column":34}},{"start":{"line":13,"column":32},"end":{"line":13,"column":38}}]},"2":{"loc":{"start":{"line":13,"column":19},"end":{"line":13,"column":34}},"type":"binary-expr","locations":[{"start":{"line":13,"column":19},"end":{"line":13,"column":34}},{"start":{"line":13,"column":32},"end":{"line":13,"column":34}}]},"3":{"loc":{"start":{"line":21,"column":15},"end":{"line":21,"column":67}},"type":"cond-expr","locations":[{"start":{"line":21,"column":49},"end":{"line":21,"column":53}},{"start":{"line":21,"column":53},"end":{"line":21,"column":67}}]},"4":{"loc":{"start":{"line":21,"column":15},"end":{"line":21,"column":53}},"type":"binary-expr","locations":[{"start":{"line":21,"column":15},"end":{"line":21,"column":53}},{"start":{"line":21,"column":49},"end":{"line":21,"column":53}}]},"5":{"loc":{"start":{"line":21,"column":15},"end":{"line":21,"column":49}},"type":"cond-expr","locations":[{"start":{"line":21,"column":29},"end":{"line":21,"column":33}},{"start":{"line":21,"column":33},"end":{"line":21,"column":49}}]},"6":{"loc":{"start":{"line":21,"column":15},"end":{"line":21,"column":33}},"type":"binary-expr","locations":[{"start":{"line":21,"column":15},"end":{"line":21,"column":33}},{"start":{"line":21,"column":29},"end":{"line":21,"column":33}}]},"7":{"loc":{"start":{"line":21,"column":15},"end":{"line":21,"column":29}},"type":"cond-expr","locations":[{"start":{"line":21,"column":24},"end":{"line":21,"column":26}},{"start":{"line":21,"column":24},"end":{"line":21,"column":29}}]},"8":{"loc":{"start":{"line":21,"column":15},"end":{"line":21,"column":26}},"type":"binary-expr","locations":[{"start":{"line":21,"column":15},"end":{"line":21,"column":26}},{"start":{"line":21,"column":24},"end":{"line":21,"column":26}}]},"9":{"loc":{"start":{"line":21,"column":33},"end":{"line":21,"column":49}},"type":"cond-expr","locations":[{"start":{"line":21,"column":44},"end":{"line":21,"column":46}},{"start":{"line":21,"column":44},"end":{"line":21,"column":49}}]},"10":{"loc":{"start":{"line":21,"column":33},"end":{"line":21,"column":46}},"type":"binary-expr","locations":[{"start":{"line":21,"column":33},"end":{"line":21,"column":46}},{"start":{"line":21,"column":44},"end":{"line":21,"column":46}}]}},"s":{"0":1,"1":1,"2":1,"3":6,"4":6,"5":6,"6":1},"f":{"0":6},"b":{"0":[6,0,0,0,0],"1":[0,0],"2":[0,0],"3":[6,0],"4":[6,6],"5":[6,0],"6":[6,6],"7":[0,6],"8":[6,6],"9":[0,0],"10":[0,0]}}
,"C:\\Users\\THINKPAD-I5 Pro EVO\\Desktop\\Software developtment\\avito_internship\\src\\components\\react-components\\FiltersContainer\\FiltersContainer.tsx": {"path":"C:\\Users\\THINKPAD-I5 Pro EVO\\Desktop\\Software developtment\\avito_internship\\src\\components\\react-components\\FiltersContainer\\FiltersContainer.tsx","statementMap":{"0":{"start":{"line":1,"column":0},"end":{"line":1,"column":36}},"1":{"start":{"line":2,"column":0},"end":{"line":2,"column":51}},"2":{"start":{"line":3,"column":0},"end":{"line":3,"column":76}},"3":{"start":{"line":4,"column":0},"end":{"line":4,"column":66}},"4":{"start":{"line":5,"column":0},"end":{"line":5,"column":72}},"5":{"start":{"line":6,"column":0},"end":{"line":6,"column":37}},"6":{"start":{"line":7,"column":0},"end":{"line":7,"column":49}},"7":{"start":{"line":8,"column":0},"end":{"line":8,"column":33}},"8":{"start":{"line":10,"column":25},"end":{"line":48,"column":1}},"9":{"start":{"line":11,"column":19},"end":{"line":11,"column":35}},"10":{"start":{"line":12,"column":42},"end":{"line":12,"column":59}},"11":{"start":{"line":12,"column":21},"end":{"line":12,"column":23}},"12":{"start":{"line":12,"column":38},"end":{"line":12,"column":42}},"13":{"start":{"line":13,"column":27},"end":{"line":13,"column":78}},"14":{"start":{"line":13,"column":53},"end":{"line":13,"column":78}},"15":{"start":{"line":15,"column":19},"end":{"line":33,"column":null}},"16":{"start":{"line":17,"column":6},"end":{"line":31,"column":7}},"17":{"start":{"line":18,"column":8},"end":{"line":21,"column":12}},"18":{"start":{"line":18,"column":34},"end":{"line":21,"column":11}},"19":{"start":{"line":22,"column":8},"end":{"line":24,"column":10}},"20":{"start":{"line":26,"column":8},"end":{"line":29,"column":12}},"21":{"start":{"line":26,"column":34},"end":{"line":29,"column":11}},"22":{"start":{"line":30,"column":8},"end":{"line":30,"column":68}},"23":{"start":{"line":36,"column":2},"end":{"line":47,"column":4}},"24":{"start":{"line":50,"column":0},"end":{"line":50,"column":32}}},"fnMap":{"0":{"name":"(anonymous_3)","decl":{"start":{"line":10,"column":25},"end":{"line":10,"column":null}},"loc":{"start":{"line":10,"column":25},"end":{"line":48,"column":1}}},"1":{"name":"(anonymous_4)","decl":{"start":{"line":13,"column":42},"end":{"line":13,"column":43}},"loc":{"start":{"line":13,"column":48},"end":{"line":13,"column":58}}},"2":{"name":"(anonymous_5)","decl":{"start":{"line":16,"column":4},"end":{"line":16,"column":5}},"loc":{"start":{"line":16,"column":18},"end":{"line":32,"column":5}}},"3":{"name":"(anonymous_6)","decl":{"start":{"line":18,"column":24},"end":{"line":18,"column":25}},"loc":{"start":{"line":18,"column":29},"end":{"line":18,"column":null}}},"4":{"name":"(anonymous_7)","decl":{"start":{"line":26,"column":24},"end":{"line":26,"column":25}},"loc":{"start":{"line":26,"column":29},"end":{"line":26,"column":null}}}},"branchMap":{"0":{"loc":{"start":{"line":17,"column":6},"end":{"line":31,"column":7}},"type":"if","locations":[{"start":{"line":17,"column":6},"end":{"line":31,"column":7}},{"start":{"line":25,"column":13},"end":{"line":31,"column":7}}]}},"s":{"0":1,"1":1,"2":1,"3":1,"4":1,"5":1,"6":1,"7":1,"8":1,"9":6,"10":6,"11":6,"12":6,"13":6,"14":7,"15":6,"16":0,"17":0,"18":0,"19":0,"20":0,"21":0,"22":0,"23":6,"24":1},"f":{"0":6,"1":7,"2":0,"3":0,"4":0},"b":{"0":[0,0]}}
,"C:\\Users\\THINKPAD-I5 Pro EVO\\Desktop\\Software developtment\\avito_internship\\src\\components\\react-components\\FiltersContainer\\FiltersBar\\FiltersBar.tsx": {"path":"C:\\Users\\THINKPAD-I5 Pro EVO\\Desktop\\Software developtment\\avito_internship\\src\\components\\react-components\\FiltersContainer\\FiltersBar\\FiltersBar.tsx","statementMap":{"0":{"start":{"line":1,"column":0},"end":{"line":1,"column":47}},"1":{"start":{"line":2,"column":0},"end":{"line":2,"column":51}},"2":{"start":{"line":3,"column":0},"end":{"line":3,"column":40}},"3":{"start":{"line":4,"column":0},"end":{"line":4,"column":79}},"4":{"start":{"line":5,"column":0},"end":{"line":5,"column":null}},"5":{"start":{"line":9,"column":0},"end":{"line":9,"column":27}},"6":{"start":{"line":10,"column":0},"end":{"line":10,"column":71}},"7":{"start":{"line":11,"column":0},"end":{"line":11,"column":70}},"8":{"start":{"line":12,"column":0},"end":{"line":12,"column":62}},"9":{"start":{"line":14,"column":0},"end":{"line":14,"column":33}},"10":{"start":{"line":15,"column":0},"end":{"line":15,"column":40}},"11":{"start":{"line":17,"column":19},"end":{"line":117,"column":1}},"12":{"start":{"line":18,"column":19},"end":{"line":18,"column":35}},"13":{"start":{"line":19,"column":42},"end":{"line":19,"column":59}},"14":{"start":{"line":19,"column":21},"end":{"line":19,"column":23}},"15":{"start":{"line":19,"column":38},"end":{"line":19,"column":42}},"16":{"start":{"line":21,"column":23},"end":{"line":21,"column":53}},"17":{"start":{"line":22,"column":26},"end":{"line":22,"column":59}},"18":{"start":{"line":23,"column":28},"end":{"line":23,"column":63}},"19":{"start":{"line":25,"column":24},"end":{"line":25,"column":69}},"20":{"start":{"line":27,"column":2},"end":{"line":31,"column":39}},"21":{"start":{"line":28,"column":4},"end":{"line":30,"column":8}},"22":{"start":{"line":28,"column":26},"end":{"line":30,"column":7}},"23":{"start":{"line":33,"column":27},"end":{"line":46,"column":null}},"24":{"start":{"line":35,"column":6},"end":{"line":44,"column":7}},"25":{"start":{"line":36,"column":8},"end":{"line":36,"column":58}},"26":{"start":{"line":38,"column":8},"end":{"line":43,"column":10}},"27":{"start":{"line":49,"column":30},"end":{"line":62,"column":null}},"28":{"start":{"line":51,"column":6},"end":{"line":60,"column":7}},"29":{"start":{"line":52,"column":8},"end":{"line":52,"column":68}},"30":{"start":{"line":54,"column":8},"end":{"line":59,"column":10}},"31":{"start":{"line":65,"column":32},"end":{"line":78,"column":null}},"32":{"start":{"line":67,"column":6},"end":{"line":76,"column":7}},"33":{"start":{"line":68,"column":8},"end":{"line":68,"column":63}},"34":{"start":{"line":70,"column":8},"end":{"line":75,"column":10}},"35":{"start":{"line":81,"column":29},"end":{"line":83,"column":16}},"36":{"start":{"line":82,"column":4},"end":{"line":82,"column":48}},"37":{"start":{"line":85,"column":2},"end":{"line":116,"column":4}},"38":{"start":{"line":96,"column":46},"end":{"line":96,"column":59}},"39":{"start":{"line":102,"column":42},"end":{"line":102,"column":51}},"40":{"start":{"line":104,"column":12},"end":{"line":106,"column":null}},"41":{"start":{"line":105,"column":37},"end":{"line":105,"column":63}},"42":{"start":{"line":119,"column":0},"end":{"line":119,"column":26}}},"fnMap":{"0":{"name":"(anonymous_3)","decl":{"start":{"line":17,"column":19},"end":{"line":17,"column":null}},"loc":{"start":{"line":17,"column":19},"end":{"line":117,"column":1}}},"1":{"name":"(anonymous_4)","decl":{"start":{"line":27,"column":12},"end":{"line":27,"column":null}},"loc":{"start":{"line":27,"column":12},"end":{"line":31,"column":3}}},"2":{"name":"(anonymous_5)","decl":{"start":{"line":28,"column":20},"end":{"line":28,"column":26}},"loc":{"start":{"line":28,"column":20},"end":{"line":28,"column":null}}},"3":{"name":"(anonymous_6)","decl":{"start":{"line":34,"column":4},"end":{"line":34,"column":5}},"loc":{"start":{"line":34,"column":16},"end":{"line":45,"column":5}}},"4":{"name":"(anonymous_7)","decl":{"start":{"line":50,"column":4},"end":{"line":50,"column":5}},"loc":{"start":{"line":50,"column":16},"end":{"line":61,"column":5}}},"5":{"name":"(anonymous_8)","decl":{"start":{"line":66,"column":4},"end":{"line":66,"column":5}},"loc":{"start":{"line":66,"column":16},"end":{"line":77,"column":5}}},"6":{"name":"(anonymous_9)","decl":{"start":{"line":81,"column":41},"end":{"line":81,"column":null}},"loc":{"start":{"line":81,"column":41},"end":{"line":83,"column":3}}},"7":{"name":"(anonymous_10)","decl":{"start":{"line":96,"column":33},"end":{"line":96,"column":34}},"loc":{"start":{"line":96,"column":41},"end":{"line":96,"column":53}}},"8":{"name":"(anonymous_11)","decl":{"start":{"line":102,"column":33},"end":{"line":102,"column":34}},"loc":{"start":{"line":102,"column":37},"end":{"line":102,"column":45}}},"9":{"name":"(anonymous_12)","decl":{"start":{"line":103,"column":20},"end":{"line":103,"column":21}},"loc":{"start":{"line":103,"column":42},"end":{"line":106,"column":null}}},"10":{"name":"(anonymous_13)","decl":{"start":{"line":105,"column":29},"end":{"line":105,"column":30}},"loc":{"start":{"line":105,"column":32},"end":{"line":105,"column":39}}}},"branchMap":{"0":{"loc":{"start":{"line":21,"column":23},"end":{"line":21,"column":53}},"type":"binary-expr","locations":[{"start":{"line":21,"column":23},"end":{"line":21,"column":47}},{"start":{"line":21,"column":51},"end":{"line":21,"column":53}}]},"1":{"loc":{"start":{"line":22,"column":26},"end":{"line":22,"column":59}},"type":"binary-expr","locations":[{"start":{"line":22,"column":26},"end":{"line":22,"column":53}},{"start":{"line":22,"column":57},"end":{"line":22,"column":59}}]},"2":{"loc":{"start":{"line":23,"column":28},"end":{"line":23,"column":63}},"type":"binary-expr","locations":[{"start":{"line":23,"column":28},"end":{"line":23,"column":57}},{"start":{"line":23,"column":61},"end":{"line":23,"column":63}}]},"3":{"loc":{"start":{"line":35,"column":6},"end":{"line":44,"column":7}},"type":"if","locations":[{"start":{"line":35,"column":6},"end":{"line":44,"column":7}},{"start":{"line":37,"column":13},"end":{"line":44,"column":7}}]},"4":{"loc":{"start":{"line":51,"column":6},"end":{"line":60,"column":7}},"type":"if","locations":[{"start":{"line":51,"column":6},"end":{"line":60,"column":7}},{"start":{"line":53,"column":13},"end":{"line":60,"column":7}}]},"5":{"loc":{"start":{"line":67,"column":6},"end":{"line":76,"column":7}},"type":"if","locations":[{"start":{"line":67,"column":6},"end":{"line":76,"column":7}},{"start":{"line":69,"column":13},"end":{"line":76,"column":7}}]},"6":{"loc":{"start":{"line":105,"column":14},"end":{"line":105,"column":78}},"type":"binary-expr","locations":[{"start":{"line":105,"column":14},"end":{"line":105,"column":72}},{"start":{"line":105,"column":76},"end":{"line":105,"column":78}}]},"7":{"loc":{"start":{"line":105,"column":14},"end":{"line":105,"column":72}},"type":"cond-expr","locations":[{"start":{"line":105,"column":63},"end":{"line":105,"column":65}},{"start":{"line":105,"column":63},"end":{"line":105,"column":72}}]},"8":{"loc":{"start":{"line":105,"column":14},"end":{"line":105,"column":65}},"type":"binary-expr","locations":[{"start":{"line":105,"column":14},"end":{"line":105,"column":65}},{"start":{"line":105,"column":63},"end":{"line":105,"column":65}}]}},"s":{"0":1,"1":1,"2":1,"3":1,"4":1,"5":1,"6":1,"7":1,"8":1,"9":1,"10":1,"11":1,"12":6,"13":6,"14":6,"15":6,"16":6,"17":6,"18":6,"19":6,"20":6,"21":4,"22":4,"23":6,"24":0,"25":0,"26":0,"27":6,"28":0,"29":0,"30":0,"31":6,"32":0,"33":0,"34":0,"35":6,"36":0,"37":6,"38":1428,"39":24,"40":0,"41":0,"42":1},"f":{"0":6,"1":4,"2":4,"3":0,"4":0,"5":0,"6":0,"7":1428,"8":24,"9":0,"10":0},"b":{"0":[6,6],"1":[6,6],"2":[6,6],"3":[0,0],"4":[0,0],"5":[0,0],"6":[0,0],"7":[0,0],"8":[0,0]}}
,"C:\\Users\\THINKPAD-I5 Pro EVO\\Desktop\\Software developtment\\avito_internship\\src\\components\\react-components\\Header\\Header.tsx": {"path":"C:\\Users\\THINKPAD-I5 Pro EVO\\Desktop\\Software developtment\\avito_internship\\src\\components\\react-components\\Header\\Header.tsx","statementMap":{"0":{"start":{"line":1,"column":0},"end":{"line":1,"column":37}},"1":{"start":{"line":2,"column":0},"end":{"line":2,"column":23}},"2":{"start":{"line":3,"column":0},"end":{"line":3,"column":48}},"3":{"start":{"line":4,"column":0},"end":{"line":4,"column":57}},"4":{"start":{"line":5,"column":0},"end":{"line":5,"column":76}},"5":{"start":{"line":6,"column":0},"end":{"line":6,"column":64}},"6":{"start":{"line":7,"column":0},"end":{"line":7,"column":31}},"7":{"start":{"line":8,"column":0},"end":{"line":8,"column":58}},"8":{"start":{"line":9,"column":0},"end":{"line":9,"column":55}},"9":{"start":{"line":11,"column":15},"end":{"line":53,"column":1}},"10":{"start":{"line":12,"column":40},"end":{"line":12,"column":55}},"11":{"start":{"line":12,"column":20},"end":{"line":12,"column":22}},"12":{"start":{"line":12,"column":36},"end":{"line":12,"column":40}},"13":{"start":{"line":13,"column":19},"end":{"line":13,"column":65}},"14":{"start":{"line":13,"column":45},"end":{"line":13,"column":65}},"15":{"start":{"line":14,"column":19},"end":{"line":14,"column":35}},"16":{"start":{"line":16,"column":23},"end":{"line":18,"column":8}},"17":{"start":{"line":17,"column":4},"end":{"line":17,"column":26}},"18":{"start":{"line":20,"column":22},"end":{"line":22,"column":8}},"19":{"start":{"line":21,"column":4},"end":{"line":21,"column":25}},"20":{"start":{"line":24,"column":19},"end":{"line":26,"column":16}},"21":{"start":{"line":25,"column":4},"end":{"line":25,"column":41}},"22":{"start":{"line":28,"column":2},"end":{"line":32,"column":31}},"23":{"start":{"line":29,"column":4},"end":{"line":31,"column":5}},"24":{"start":{"line":30,"column":6},"end":{"line":30,"column":21}},"25":{"start":{"line":34,"column":2},"end":{"line":52,"column":4}},"26":{"start":{"line":55,"column":0},"end":{"line":55,"column":22}}},"fnMap":{"0":{"name":"(anonymous_1)","decl":{"start":{"line":11,"column":15},"end":{"line":11,"column":null}},"loc":{"start":{"line":11,"column":15},"end":{"line":53,"column":1}}},"1":{"name":"(anonymous_2)","decl":{"start":{"line":13,"column":34},"end":{"line":13,"column":35}},"loc":{"start":{"line":13,"column":40},"end":{"line":13,"column":50}}},"2":{"name":"(anonymous_3)","decl":{"start":{"line":16,"column":35},"end":{"line":16,"column":null}},"loc":{"start":{"line":16,"column":35},"end":{"line":18,"column":3}}},"3":{"name":"(anonymous_4)","decl":{"start":{"line":20,"column":34},"end":{"line":20,"column":null}},"loc":{"start":{"line":20,"column":34},"end":{"line":22,"column":3}}},"4":{"name":"(anonymous_5)","decl":{"start":{"line":24,"column":31},"end":{"line":24,"column":null}},"loc":{"start":{"line":24,"column":31},"end":{"line":26,"column":3}}},"5":{"name":"(anonymous_6)","decl":{"start":{"line":28,"column":12},"end":{"line":28,"column":null}},"loc":{"start":{"line":28,"column":12},"end":{"line":32,"column":3}}}},"branchMap":{"0":{"loc":{"start":{"line":29,"column":4},"end":{"line":31,"column":5}},"type":"if","locations":[{"start":{"line":29,"column":4},"end":{"line":31,"column":5}}]}},"s":{"0":1,"1":1,"2":1,"3":1,"4":1,"5":1,"6":1,"7":1,"8":1,"9":1,"10":6,"11":6,"12":6,"13":6,"14":7,"15":6,"16":6,"17":0,"18":6,"19":0,"20":6,"21":0,"22":6,"23":1,"24":0,"25":6,"26":1},"f":{"0":6,"1":7,"2":0,"3":0,"4":0,"5":1},"b":{"0":[0]}}
,"C:\\Users\\THINKPAD-I5 Pro EVO\\Desktop\\Software developtment\\avito_internship\\src\\components\\react-components\\Header\\HeaderButtons\\HeaderButtons.tsx": {"path":"C:\\Users\\THINKPAD-I5 Pro EVO\\Desktop\\Software developtment\\avito_internship\\src\\components\\react-components\\Header\\HeaderButtons\\HeaderButtons.tsx","statementMap":{"0":{"start":{"line":1,"column":0},"end":{"line":1,"column":40}},"1":{"start":{"line":2,"column":0},"end":{"line":2,"column":44}},"2":{"start":{"line":3,"column":0},"end":{"line":3,"column":30}},"3":{"start":{"line":11,"column":22},"end":{"line":40,"column":1}},"4":{"start":{"line":11,"column":33},"end":{"line":11,"column":35}},"5":{"start":{"line":11,"column":41},"end":{"line":11,"column":43}},"6":{"start":{"line":11,"column":54},"end":{"line":11,"column":63}},"7":{"start":{"line":12,"column":2},"end":{"line":39,"column":4}},"8":{"start":{"line":42,"column":0},"end":{"line":42,"column":29}}},"fnMap":{"0":{"name":"(anonymous_0)","decl":{"start":{"line":11,"column":22},"end":{"line":11,"column":23}},"loc":{"start":{"line":11,"column":63},"end":{"line":40,"column":1}}}},"branchMap":{"0":{"loc":{"start":{"line":14,"column":7},"end":{"line":36,"column":null}},"type":"cond-expr","locations":[{"start":{"line":15,"column":8},"end":{"line":28,"column":null}},{"start":{"line":31,"column":8},"end":{"line":35,"column":null}}]}},"s":{"0":1,"1":1,"2":1,"3":1,"4":12,"5":12,"6":12,"7":12,"8":1},"f":{"0":12},"b":{"0":[0,12]}}
,"C:\\Users\\THINKPAD-I5 Pro EVO\\Desktop\\Software developtment\\avito_internship\\src\\components\\react-components\\Header\\Logo\\Logo.tsx": {"path":"C:\\Users\\THINKPAD-I5 Pro EVO\\Desktop\\Software developtment\\avito_internship\\src\\components\\react-components\\Header\\Logo\\Logo.tsx","statementMap":{"0":{"start":{"line":1,"column":0},"end":{"line":1,"column":40}},"1":{"start":{"line":2,"column":0},"end":{"line":2,"column":21}},"2":{"start":{"line":4,"column":13},"end":{"line":12,"column":1}},"3":{"start":{"line":5,"column":2},"end":{"line":11,"column":4}},"4":{"start":{"line":14,"column":0},"end":{"line":14,"column":20}}},"fnMap":{"0":{"name":"(anonymous_0)","decl":{"start":{"line":4,"column":13},"end":{"line":4,"column":null}},"loc":{"start":{"line":4,"column":13},"end":{"line":12,"column":1}}}},"branchMap":{},"s":{"0":1,"1":1,"2":1,"3":12,"4":1},"f":{"0":12},"b":{}}
,"C:\\Users\\THINKPAD-I5 Pro EVO\\Desktop\\Software developtment\\avito_internship\\src\\components\\react-components\\Header\\MobileHeader\\MobileHeader.tsx": {"path":"C:\\Users\\THINKPAD-I5 Pro EVO\\Desktop\\Software developtment\\avito_internship\\src\\components\\react-components\\Header\\MobileHeader\\MobileHeader.tsx","statementMap":{"0":{"start":{"line":1,"column":0},"end":{"line":1,"column":32}},"1":{"start":{"line":2,"column":0},"end":{"line":2,"column":68}},"2":{"start":{"line":3,"column":0},"end":{"line":3,"column":29}},"3":{"start":{"line":4,"column":0},"end":{"line":4,"column":59}},"4":{"start":{"line":5,"column":0},"end":{"line":5,"column":38}},"5":{"start":{"line":13,"column":21},"end":{"line":51,"column":1}},"6":{"start":{"line":13,"column":32},"end":{"line":13,"column":34}},"7":{"start":{"line":13,"column":40},"end":{"line":13,"column":42}},"8":{"start":{"line":13,"column":53},"end":{"line":13,"column":62}},"9":{"start":{"line":14,"column":2},"end":{"line":50,"column":4}},"10":{"start":{"line":53,"column":0},"end":{"line":53,"column":28}}},"fnMap":{"0":{"name":"(anonymous_1)","decl":{"start":{"line":13,"column":21},"end":{"line":13,"column":22}},"loc":{"start":{"line":13,"column":62},"end":{"line":51,"column":1}}}},"branchMap":{},"s":{"0":1,"1":1,"2":1,"3":1,"4":1,"5":1,"6":6,"7":6,"8":6,"9":6,"10":1},"f":{"0":6},"b":{}}
,"C:\\Users\\THINKPAD-I5 Pro EVO\\Desktop\\Software developtment\\avito_internship\\src\\components\\react-components\\Header\\Search\\Search.tsx": {"path":"C:\\Users\\THINKPAD-I5 Pro EVO\\Desktop\\Software developtment\\avito_internship\\src\\components\\react-components\\Header\\Search\\Search.tsx","statementMap":{"0":{"start":{"line":1,"column":0},"end":{"line":1,"column":70}},"1":{"start":{"line":2,"column":0},"end":{"line":2,"column":51}},"2":{"start":{"line":3,"column":0},"end":{"line":3,"column":60}},"3":{"start":{"line":4,"column":0},"end":{"line":4,"column":79}},"4":{"start":{"line":5,"column":0},"end":{"line":5,"column":69}},"5":{"start":{"line":6,"column":0},"end":{"line":6,"column":null}},"6":{"start":{"line":10,"column":0},"end":{"line":10,"column":44}},"7":{"start":{"line":11,"column":0},"end":{"line":11,"column":23}},"8":{"start":{"line":13,"column":15},"end":{"line":127,"column":1}},"9":{"start":{"line":14,"column":19},"end":{"line":14,"column":35}},"10":{"start":{"line":15,"column":42},"end":{"line":15,"column":59}},"11":{"start":{"line":15,"column":21},"end":{"line":15,"column":23}},"12":{"start":{"line":15,"column":38},"end":{"line":15,"column":42}},"13":{"start":{"line":16,"column":30},"end":{"line":16,"column":71}},"14":{"start":{"line":16,"column":15},"end":{"line":16,"column":17}},"15":{"start":{"line":16,"column":26},"end":{"line":16,"column":30}},"16":{"start":{"line":17,"column":25},"end":{"line":17,"column":50}},"17":{"start":{"line":18,"column":24},"end":{"line":18,"column":76}},"18":{"start":{"line":18,"column":50},"end":{"line":18,"column":76}},"19":{"start":{"line":19,"column":22},"end":{"line":19,"column":78}},"20":{"start":{"line":19,"column":48},"end":{"line":19,"column":78}},"21":{"start":{"line":21,"column":2},"end":{"line":35,"column":32}},"22":{"start":{"line":22,"column":4},"end":{"line":34,"column":5}},"23":{"start":{"line":23,"column":6},"end":{"line":28,"column":10}},"24":{"start":{"line":23,"column":32},"end":{"line":28,"column":9}},"25":{"start":{"line":30,"column":6},"end":{"line":33,"column":10}},"26":{"start":{"line":30,"column":28},"end":{"line":33,"column":9}},"27":{"start":{"line":37,"column":25},"end":{"line":39,"column":8}},"28":{"start":{"line":38,"column":4},"end":{"line":38,"column":27}},"29":{"start":{"line":41,"column":23},"end":{"line":54,"column":null}},"30":{"start":{"line":43,"column":6},"end":{"line":43,"column":52}},"31":{"start":{"line":45,"column":6},"end":{"line":47,"column":7}},"32":{"start":{"line":46,"column":8},"end":{"line":46,"column":61}},"33":{"start":{"line":49,"column":26},"end":{"line":50,"column":null}},"34":{"start":{"line":50,"column":8},"end":{"line":50,"column":null}},"35":{"start":{"line":52,"column":6},"end":{"line":52,"column":69}},"36":{"start":{"line":57,"column":32},"end":{"line":63,"column":null}},"37":{"start":{"line":59,"column":6},"end":{"line":59,"column":23}},"38":{"start":{"line":60,"column":6},"end":{"line":60,"column":26}},"39":{"start":{"line":61,"column":6},"end":{"line":61,"column":60}},"40":{"start":{"line":66,"column":28},"end":{"line":73,"column":null}},"41":{"start":{"line":68,"column":6},"end":{"line":68,"column":41}},"42":{"start":{"line":69,"column":6},"end":{"line":71,"column":7}},"43":{"start":{"line":70,"column":8},"end":{"line":70,"column":25}},"44":{"start":{"line":76,"column":24},"end":{"line":82,"column":null}},"45":{"start":{"line":78,"column":6},"end":{"line":80,"column":7}},"46":{"start":{"line":79,"column":8},"end":{"line":79,"column":29}},"47":{"start":{"line":85,"column":2},"end":{"line":89,"column":37}},"48":{"start":{"line":86,"column":4},"end":{"line":88,"column":5}},"49":{"start":{"line":87,"column":6},"end":{"line":87,"column":35}},"50":{"start":{"line":91,"column":2},"end":{"line":126,"column":4}},"51":{"start":{"line":106,"column":16},"end":{"line":114,"column":null}},"52":{"start":{"line":110,"column":35},"end":{"line":110,"column":null}},"53":{"start":{"line":123,"column":23},"end":{"line":123,"column":null}},"54":{"start":{"line":129,"column":0},"end":{"line":129,"column":22}}},"fnMap":{"0":{"name":"(anonymous_2)","decl":{"start":{"line":13,"column":15},"end":{"line":13,"column":null}},"loc":{"start":{"line":13,"column":15},"end":{"line":127,"column":1}}},"1":{"name":"(anonymous_3)","decl":{"start":{"line":18,"column":39},"end":{"line":18,"column":40}},"loc":{"start":{"line":18,"column":45},"end":{"line":18,"column":55}}},"2":{"name":"(anonymous_4)","decl":{"start":{"line":19,"column":37},"end":{"line":19,"column":38}},"loc":{"start":{"line":19,"column":43},"end":{"line":19,"column":53}}},"3":{"name":"(anonymous_5)","decl":{"start":{"line":21,"column":12},"end":{"line":21,"column":null}},"loc":{"start":{"line":21,"column":12},"end":{"line":35,"column":3}}},"4":{"name":"(anonymous_6)","decl":{"start":{"line":23,"column":22},"end":{"line":23,"column":23}},"loc":{"start":{"line":23,"column":27},"end":{"line":23,"column":null}}},"5":{"name":"(anonymous_7)","decl":{"start":{"line":30,"column":22},"end":{"line":30,"column":28}},"loc":{"start":{"line":30,"column":22},"end":{"line":30,"column":29}}},"6":{"name":"(anonymous_8)","decl":{"start":{"line":37,"column":37},"end":{"line":37,"column":38}},"loc":{"start":{"line":37,"column":57},"end":{"line":39,"column":3}}},"7":{"name":"(anonymous_9)","decl":{"start":{"line":42,"column":4},"end":{"line":42,"column":5}},"loc":{"start":{"line":42,"column":18},"end":{"line":53,"column":5}}},"8":{"name":"(anonymous_10)","decl":{"start":{"line":49,"column":47},"end":{"line":49,"column":48}},"loc":{"start":{"line":49,"column":52},"end":{"line":50,"column":12}}},"9":{"name":"(anonymous_11)","decl":{"start":{"line":58,"column":4},"end":{"line":58,"column":5}},"loc":{"start":{"line":58,"column":18},"end":{"line":62,"column":5}}},"10":{"name":"(anonymous_12)","decl":{"start":{"line":67,"column":4},"end":{"line":67,"column":5}},"loc":{"start":{"line":67,"column":41},"end":{"line":72,"column":5}}},"11":{"name":"(anonymous_13)","decl":{"start":{"line":77,"column":4},"end":{"line":77,"column":5}},"loc":{"start":{"line":77,"column":49},"end":{"line":81,"column":5}}},"12":{"name":"(anonymous_14)","decl":{"start":{"line":85,"column":12},"end":{"line":85,"column":null}},"loc":{"start":{"line":85,"column":12},"end":{"line":89,"column":3}}},"13":{"name":"(anonymous_15)","decl":{"start":{"line":105,"column":14},"end":{"line":105,"column":15}},"loc":{"start":{"line":105,"column":25},"end":{"line":106,"column":26}}},"14":{"name":"(anonymous_16)","decl":{"start":{"line":110,"column":29},"end":{"line":110,"column":35}},"loc":{"start":{"line":110,"column":29},"end":{"line":110,"column":56}}},"15":{"name":"(anonymous_17)","decl":{"start":{"line":123,"column":17},"end":{"line":123,"column":23}},"loc":{"start":{"line":123,"column":17},"end":{"line":123,"column":35}}}},"branchMap":{"0":{"loc":{"start":{"line":16,"column":39},"end":{"line":16,"column":70}},"type":"binary-expr","locations":[{"start":{"line":16,"column":39},"end":{"line":16,"column":64}},{"start":{"line":16,"column":68},"end":{"line":16,"column":70}}]},"1":{"loc":{"start":{"line":22,"column":4},"end":{"line":34,"column":5}},"type":"if","locations":[{"start":{"line":22,"column":4},"end":{"line":34,"column":5}},{"start":{"line":29,"column":11},"end":{"line":34,"column":5}}]},"2":{"loc":{"start":{"line":45,"column":6},"end":{"line":47,"column":7}},"type":"if","locations":[{"start":{"line":45,"column":6},"end":{"line":47,"column":7}}]},"3":{"loc":{"start":{"line":45,"column":10},"end":{"line":45,"column":49}},"type":"binary-expr","locations":[{"start":{"line":45,"column":10},"end":{"line":45,"column":15}},{"start":{"line":45,"column":19},"end":{"line":45,"column":49}}]},"4":{"loc":{"start":{"line":69,"column":6},"end":{"line":71,"column":7}},"type":"if","locations":[{"start":{"line":69,"column":6},"end":{"line":71,"column":7}}]},"5":{"loc":{"start":{"line":78,"column":6},"end":{"line":80,"column":7}},"type":"if","locations":[{"start":{"line":78,"column":6},"end":{"line":80,"column":7}}]},"6":{"loc":{"start":{"line":86,"column":4},"end":{"line":88,"column":5}},"type":"if","locations":[{"start":{"line":86,"column":4},"end":{"line":88,"column":5}}]},"7":{"loc":{"start":{"line":102,"column":9},"end":{"line":116,"column":null}},"type":"binary-expr","locations":[{"start":{"line":102,"column":9},"end":{"line":102,"column":31}},{"start":{"line":102,"column":35},"end":{"line":102,"column":41}},{"start":{"line":103,"column":10},"end":{"line":115,"column":null}}]},"8":{"loc":{"start":{"line":106,"column":16},"end":{"line":113,"column":null}},"type":"binary-expr","locations":[{"start":{"line":106,"column":16},"end":{"line":106,"column":65}},{"start":{"line":107,"column":18},"end":{"line":109,"column":null}}]}},"s":{"0":1,"1":1,"2":1,"3":1,"4":1,"5":1,"6":1,"7":1,"8":1,"9":12,"10":12,"11":12,"12":12,"13":12,"14":12,"15":12,"16":12,"17":12,"18":14,"19":12,"20":14,"21":12,"22":8,"23":0,"24":0,"25":8,"26":8,"27":12,"28":0,"29":12,"30":0,"31":0,"32":0,"33":0,"34":0,"35":0,"36":12,"37":0,"38":0,"39":0,"40":12,"41":0,"42":0,"43":0,"44":12,"45":0,"46":0,"47":12,"48":2,"49":0,"50":12,"51":0,"52":0,"53":0,"54":1},"f":{"0":12,"1":14,"2":14,"3":8,"4":0,"5":8,"6":0,"7":0,"8":0,"9":0,"10":0,"11":0,"12":2,"13":0,"14":0,"15":0},"b":{"0":[12,12],"1":[0,8],"2":[0],"3":[0,0],"4":[0],"5":[0],"6":[0],"7":[12,0,0],"8":[0,0]}}
,"C:\\Users\\THINKPAD-I5 Pro EVO\\Desktop\\Software developtment\\avito_internship\\src\\components\\react-components\\Loader\\Loader.tsx": {"path":"C:\\Users\\THINKPAD-I5 Pro EVO\\Desktop\\Software developtment\\avito_internship\\src\\components\\react-components\\Loader\\Loader.tsx","statementMap":{"0":{"start":{"line":1,"column":0},"end":{"line":1,"column":38}},"1":{"start":{"line":2,"column":0},"end":{"line":2,"column":23}},"2":{"start":{"line":4,"column":16},"end":{"line":10,"column":1}},"3":{"start":{"line":5,"column":2},"end":{"line":9,"column":4}},"4":{"start":{"line":12,"column":0},"end":{"line":12,"column":23}}},"fnMap":{"0":{"name":"(anonymous_0)","decl":{"start":{"line":4,"column":16},"end":{"line":4,"column":null}},"loc":{"start":{"line":4,"column":16},"end":{"line":10,"column":1}}}},"branchMap":{},"s":{"0":1,"1":1,"2":1,"3":0,"4":1},"f":{"0":0},"b":{}}
,"C:\\Users\\THINKPAD-I5 Pro EVO\\Desktop\\Software developtment\\avito_internship\\src\\components\\react-components\\LoginModal\\AuthModal.tsx": {"path":"C:\\Users\\THINKPAD-I5 Pro EVO\\Desktop\\Software developtment\\avito_internship\\src\\components\\react-components\\LoginModal\\AuthModal.tsx","statementMap":{"0":{"start":{"line":1,"column":0},"end":{"line":1,"column":44}},"1":{"start":{"line":2,"column":0},"end":{"line":2,"column":42}},"2":{"start":{"line":3,"column":0},"end":{"line":3,"column":46}},"3":{"start":{"line":11,"column":2},"end":{"line":30,"column":4}},"4":{"start":{"line":33,"column":0},"end":{"line":33,"column":25}}},"fnMap":{"0":{"name":"AuthModal","decl":{"start":{"line":10,"column":9},"end":{"line":10,"column":18}},"loc":{"start":{"line":10,"column":31},"end":{"line":31,"column":1}}}},"branchMap":{},"s":{"0":1,"1":1,"2":1,"3":6,"4":1},"f":{"0":6},"b":{}}
,"C:\\Users\\THINKPAD-I5 Pro EVO\\Desktop\\Software developtment\\avito_internship\\src\\components\\react-components\\LoginModal\\LoginForm\\LoginForm.tsx": {"path":"C:\\Users\\THINKPAD-I5 Pro EVO\\Desktop\\Software developtment\\avito_internship\\src\\components\\react-components\\LoginModal\\LoginForm\\LoginForm.tsx","statementMap":{"0":{"start":{"line":1,"column":0},"end":{"line":1,"column":42}},"1":{"start":{"line":2,"column":0},"end":{"line":2,"column":67}},"2":{"start":{"line":3,"column":0},"end":{"line":3,"column":79}},"3":{"start":{"line":4,"column":0},"end":{"line":4,"column":69}},"4":{"start":{"line":5,"column":0},"end":{"line":5,"column":44}},"5":{"start":{"line":6,"column":0},"end":{"line":6,"column":62}},"6":{"start":{"line":7,"column":0},"end":{"line":7,"column":26}},"7":{"start":{"line":9,"column":18},"end":{"line":82,"column":2}},"8":{"start":{"line":10,"column":19},"end":{"line":10,"column":35}},"9":{"start":{"line":11,"column":19},"end":{"line":11,"column":67}},"10":{"start":{"line":11,"column":45},"end":{"line":11,"column":67}},"11":{"start":{"line":12,"column":19},"end":{"line":12,"column":66}},"12":{"start":{"line":12,"column":45},"end":{"line":12,"column":66}},"13":{"start":{"line":13,"column":16},"end":{"line":13,"column":60}},"14":{"start":{"line":13,"column":42},"end":{"line":13,"column":60}},"15":{"start":{"line":14,"column":20},"end":{"line":14,"column":68}},"16":{"start":{"line":14,"column":46},"end":{"line":14,"column":68}},"17":{"start":{"line":16,"column":27},"end":{"line":20,"column":null}},"18":{"start":{"line":18,"column":6},"end":{"line":18,"column":55}},"19":{"start":{"line":23,"column":27},"end":{"line":27,"column":null}},"20":{"start":{"line":25,"column":6},"end":{"line":25,"column":54}},"21":{"start":{"line":30,"column":23},"end":{"line":32,"column":36}},"22":{"start":{"line":31,"column":4},"end":{"line":31,"column":54}},"23":{"start":{"line":34,"column":2},"end":{"line":81,"column":4}},"24":{"start":{"line":53,"column":31},"end":{"line":53,"column":null}},"25":{"start":{"line":67,"column":31},"end":{"line":67,"column":null}},"26":{"start":{"line":84,"column":0},"end":{"line":84,"column":25}}},"fnMap":{"0":{"name":"(anonymous_1)","decl":{"start":{"line":9,"column":23},"end":{"line":9,"column":null}},"loc":{"start":{"line":9,"column":23},"end":{"line":82,
[...]
,"C:\\Users\\THINKPAD-I5 Pro EVO\\Desktop\\Software developtment\\avito_internship\\src\\components\\ui\\select.tsx": {"path":"C:\\Users\\THINKPAD-I5 Pro EVO\\Desktop\\Software developtment\\avito_internship\\src\\components\\ui\\select.tsx","statementMap":{"0":{"start":{"line":1,"column":0},"end":{"line":1,"column":49}},"1":{"start":{"line":11,"column":32},"end":{"line":43,"column":1}},"2":{"start":{"line":12,"column":6},"end":{"line":12,"column":null}},"3":{"start":{"line":13,"column":9},"end":{"line":13,"column":null}},"4":{"start":{"line":14,"column":10},"end":{"line":14,"column":null}},"5":{"start":{"line":15,"column":11},"end":{"line":15,"column":null}},"6":{"start":{"line":16,"column":2},"end":{"line":16,"column":15}},"7":{"start":{"line":16,"column":15},"end":{"line":16,"column":null}},"8":{"start":{"line":18,"column":23},"end":{"line":23,"column":null}},"9":{"start":{"line":20,"column":28},"end":{"line":20,"column":46}},"10":{"start":{"line":21,"column":6},"end":{"line":21,"column":30}},"11":{"start":{"line":26,"column":2},"end":{"line":42,"column":4}},"12":{"start":{"line":36,"column":31},"end":{"line":40,"column":8}},"13":{"start":{"line":45,"column":0},"end":{"line":45,"column":22}}},"fnMap":{"0":{"name":"(anonymous_0)","decl":{"start":{"line":11,"column":32},"end":{"line":11,"column":33}},"loc":{"start":{"line":17,"column":1},"end":{"line":43,"column":1}}},"1":{"name":"(anonymous_1)","decl":{"start":{"line":19,"column":4},"end":{"line":19,"column":5}},"loc":{"start":{"line":19,"column":42},"end":{"line":22,"column":5}}},"2":{"name":"(anonymous_2)","decl":{"start":{"line":36,"column":19},"end":{"line":36,"column":20}},"loc":{"start":{"line":36,"column":26},"end":{"line":36,"column":null}}}},"branchMap":{"0":{"loc":{"start":{"line":16,"column":15},"end":{"line":16,"column":null}},"type":"cond-expr","locations":[{"start":{"line":16,"column":18},"end":{"line":16,"column":20}},{"start":{"line":16,"column":20},"end":{"line":16,"column":null}}]},"1":{"loc":{"start":{"line":31,"column":27},"end":{"line":31,"column":53}},"type":"cond-expr","locations":[{"start":{"line":31,"column":39},"end":{"line":31,"column":48}},{"start":{"line":31,"column":51},"end":{"line":31,"column":53}}]}},"s":{"0":1,"1":1,"2":24,"3":24,"4":24,"5":24,"6":24,"7":24,"8":24,"9":0,"10":0,"11":24,"12":1548,"13":1},"f":{"0":24,"1":0,"2":1548},"b":{"0":[0,24],"1":[6,18]}}
,"C:\\Users\\THINKPAD-I5 Pro EVO\\Desktop\\Software developtment\\avito_internship\\src\\components\\ui\\MultiSelectDropdown\\MultiSelectDropdown.tsx": {"path":"C:\\Users\\THINKPAD-I5 Pro EVO\\Desktop\\Software developtment\\avito_internship\\src\\components\\ui\\MultiSelectDropdown\\MultiSelectDropdown.tsx","statementMap":{"0":{"start":{"line":1,"column":0},"end":{"line":1,"column":43}},"1":{"start":{"line":2,"column":0},"end":{"line":2,"column":46}},"2":{"start":{"line":3,"column":0},"end":{"line":3,"column":36}},"3":{"start":{"line":11,"column":36},"end":{"line":11,"column":38}},"4":{"start":{"line":11,"column":45},"end":{"line":11,"column":47}},"5":{"start":{"line":11,"column":55},"end":{"line":11,"column":64}},"6":{"start":{"line":12,"column":30},"end":{"line":12,"column":45}},"7":{"start":{"line":12,"column":15},"end":{"line":12,"column":17}},"8":{"start":{"line":12,"column":26},"end":{"line":12,"column":30}},"9":{"start":{"line":13,"column":44},"end":{"line":13,"column":66}},"10":{"start":{"line":13,"column":22},"end":{"line":13,"column":24}},"11":{"start":{"line":13,"column":40},"end":{"line":13,"column":44}},"12":{"start":{"line":15,"column":25},"end":{"line":17,"column":14}},"13":{"start":{"line":16,"column":4},"end":{"line":16,"column":23}},"14":{"start":{"line":19,"column":31},"end":{"line":32,"column":null}},"15":{"start":{"line":21,"column":6},"end":{"line":30,"column":9}},"16":{"start":{"line":22,"column":27},"end":{"line":22,"column":61}},"17":{"start":{"line":23,"column":33},"end":{"line":25,"column":42}},"18":{"start":{"line":24,"column":47},"end":{"line":24,"column":63}},"19":{"start":{"line":27,"column":8},"end":{"line":27,"column":35}},"20":{"start":{"line":29,"column":8},"end":{"line":29,"column":32}},"21":{"start":{"line":35,"column":2},"end":{"line":59,"column":4}},"22":{"start":{"line":43,"column":35},"end":{"line":55,"column":12}},"23":{"start":{"line":50,"column":34},"end":{"line":50,"column":null}},"24":{"start":{"line":62,"column":0},"end":{"line":62,"column":35}}},"fnMap":{"0":{"name":"MultiSelectDropdown","decl":{"start":{"line":11,"column":9},"end":{"line":11,"column":28}},"loc":{"start":{"line":11,"column":64},"end":{"line":60,"column":1}}},"1":{"name":"(anonymous_2)","decl":{"start":{"line":15,"column":37},"end":{"line":15,"column":null}},"loc":{"start":{"line":15,"column":37},"end":{"line":17,"column":3}}},"2":{"name":"(anonymous_3)","decl":{"start":{"line":20,"column":4},"end":{"line":20,"column":5}},"loc":{"start":{"line":20,"column":19},"end":{"line":31,"column":5}}},"3":{"name":"(anonymous_4)","decl":{"start":{"line":21,"column":23},"end":{"line":21,"column":24}},"loc":{"start":{"line":21,"column":41},"end":{"line":30,"column":7}}},"4":{"name":"(anonymous_5)","decl":{"start":{"line":24,"column":37},"end":{"line":24,"column":38}},"loc":{"start":{"line":24,"column":42},"end":{"line":24,"column":51}}},"5":{"name":"(anonymous_6)","decl":{"start":{"line":43,"column":23},"end":{"line":43,"column":24}},"loc":{"start":{"line":43,"column":30},"end":{"line":43,"column":null}}},"6":{"name":"(anonymous_7)","decl":{"start":{"line":50,"column":28},"end":{"line":50,"column":34}},"loc":{"start":{"line":50,"column":28},"end":{"line":50,"column":54}}}},"branchMap":{"0":{"loc":{"start":{"line":23,"column":33},"end":{"line":25,"column":42}},"type":"cond-expr","locations":[{"start":{"line":24,"column":12},"end":{"line":24,"column":63}},{"start":{"line":25,"column":11},"end":{"line":25,"column":42}}]},"1":{"loc":{"start":{"line":41,"column":7},"end":{"line":56,"column":null}},"type":"binary-expr","locations":[{"start":{"line":41,"column":7},"end":{"line":41,"column":13}},{"start":{"line":42,"column":8},"end":{"line":55,"column":null}}]}},"s":{"0":0,"1":0,"2":0,"3":0,"4":0,"5":0,"6":0,"7":0,"8":0,"9":0,"10":0,"11":0,"12":0,"13":0,"14":0,"15":0,"16":0,"17":0,"18":0,"19":0,"20":0,"21":0,"22":0,"23":0,"24":0},"f":{"0":0,"1":0,"2":0,"3":0,"4":0,"5":0,"6":0},"b":{"0":[0,0],"1":[0,0]}}
,"C:\\Users\\THINKPAD-I5 Pro EVO\\Desktop\\Software developtment\\avito_internship\\src\\components\\ui\\Placeholder\\placeholder.tsx": {"path":"C:\\Users\\THINKPAD-I5 Pro EVO\\Desktop\\Software developtment\\avito_internship\\src\\components\\ui\\Placeholder\\placeholder.tsx","statementMap":{"0":{"start":{"line":1,"column":0},"end":{"line":1,"column":28}},"1":{"start":{"line":8,"column":20},"end":{"line":10,"column":1}},"2":{"start":{"line":8,"column":30},"end":{"line":8,"column":32}},"3":{"start":{"line":8,"column":41},"end":{"line":8,"column":61}},"4":{"start":{"line":9,"column":2},"end":{"line":9,"column":74}},"5":{"start":{"line":12,"column":0},"end":{"line":12,"column":27}}},"fnMap":{"0":{"name":"(anonymous_0)","decl":{"start":{"line":8,"column":20},"end":{"line":8,"column":21}},"loc":{"start":{"line":8,"column":61},"end":{"line":10,"column":1}}}},"branchMap":{},"s":{"0":2,"1":2,"2":1,"3":1,"4":1,"5":2},"f":{"0":1},"b":{}}
,"C:\\Users\\THINKPAD-I5 Pro EVO\\Desktop\\Software developtment\\avito_internship\\src\\pages\\FilmPage\\FilmPage.tsx": {"path":"C:\\Users\\THINKPAD-I5 Pro EVO\\Desktop\\Software developtment\\avito_internship\\src\\pages\\FilmPage\\FilmPage.tsx","statementMap":{"0":{"start":{"line":1,"column":0},"end":{"line":1,"column":26}},"1":{"start":{"line":2,"column":0},"end":{"line":2,"column":45}},"2":{"start":{"line":3,"column":0},"end":{"line":3,"column":56}},"3":{"start":{"line":4,"column":0},"end":{"line":4,"column":75}},"4":{"start":{"line":5,"column":0},"end":{"line":5,"column":69}},"5":{"start":{"line":6,"column":0},"end":{"line":6,"column":70}},"6":{"start":{"line":7,"column":0},"end":{"line":7,"column":78}},"7":{"start":{"line":8,"column":0},"end":{"line":8,"column":87}},"8":{"start":{"line":10,"column":17},"end":{"line":32,"column":1}},"9":{"start":{"line":11,"column":17},"end":{"line":11,"column":45}},"10":{"start":{"line":13,"column":40},"end":{"line":14,"column":null}},"11":{"start":{"line":13,"column":24},"end":{"line":13,"column":26}},"12":{"start":{"line":13,"column":35},"end":{"line":13,"column":40}},"13":{"start":{"line":17,"column":2},"end":{"line":31,"column":4}},"14":{"start":{"line":34,"column":0},"end":{"line":34,"column":24}}},"fnMap":{"0":{"name":"(anonymous_1)","decl":{"start":{"line":10,"column":17},"end":{"line":10,"column":null}},"loc":{"start":{"line":10,"column":17},"end":{"line":32,"column":1}}}},"branchMap":{"0":{"loc":{"start":{"line":20,"column":7},"end":{"line":28,"column":null}},"type":"cond-expr","locations":[{"start":{"line":21,"column":8},"end":{"line":21,"column":19}},{"start":{"line":22,"column":10},"end":{"line":28,"column":null}}]},"1":{"loc":{"start":{"line":22,"column":10},"end":{"line":28,"column":null}},"type":"cond-expr","locations":[{"start":{"line":23,"column":8},"end":{"line":25,"column":null}},{"start":{"line":28,"column":8},"end":{"line":28,"column":21}}]}},"s":{"0":0,"1":0,"2":0,"3":0,"4":0,"5":0,"6":0,"7":0,"8":0,"9":0,"10":0,"11":0,"12":0,"13":0,"14":0},"f":{"0":0},"b":{"0":[0,0],"1":[0,0]}}
,"C:\\Users\\THINKPAD-I5 Pro EVO\\Desktop\\Software developtment\\avito_internship\\src\\pages\\MainPage\\MainPage.tsx": {"path":"C:\\Users\\THINKPAD-I5 Pro EVO\\Desktop\\Software developtment\\avito_internship\\src\\pages\\MainPage\\MainPage.tsx","statementMap":{"0":{"start":{"line":1,"column":0},"end":{"line":1,"column":34}},"1":{"start":{"line":2,"column":0},"end":{"line":2,"column":51}},"2":{"start":{"line":3,"column":0},"end":{"line":3,"column":null}},"3":{"start":{"line":7,"column":0},"end":{"line":7,"column":73}},"4":{"start":{"line":8,"column":0},"end":{"line":8,"column":63}},"5":{"start":{"line":9,"column":0},"end":{"line":9,"column":75}},"6":{"start":{"line":10,"column":0},"end":{"line":10,"column":99}},"7":{"start":{"line":11,"column":0},"end":{"line":11,"column":69}},"8":{"start":{"line":12,"column":0},"end":{"line":12,"column":70}},"9":{"start":{"line":13,"column":0},"end":{"line":13,"column":99}},"10":{"start":{"line":14,"column":0},"end":{"line":14,"column":78}},"11":{"start":{"line":16,"column":17},"end":{"line":112,"column":1}},"12":{"start":{"line":17,"column":19},"end":{"line":17,"column":35}},"13":{"start":{"line":18,"column":22},"end":{"line":18,"column":72}},"14":{"start":{"line":18,"column":48},"end":{"line":18,"column":72}},"15":{"start":{"line":19,"column":23},"end":{"line":19,"column":74}},"16":{"start":{"line":19,"column":49},"end":{"line":19,"column":74}},"17":{"start":{"line":20,"column":17},"end":{"line":20,"column":62}},"18":{"start":{"line":20,"column":43},"end":{"line":20,"column":62}},"19":{"start":{"line":21,"column":20},"end":{"line":21,"column":68}},"20":{"start":{"line":21,"column":46},"end":{"line":21,"column":68}},"21":{"start":{"line":22,"column":42},"end":{"line":22,"column":59}},"22":{"start":{"line":22,"column":21},"end":{"line":22,"column":23}},"23":{"start":{"line":22,"column":38},"end":{"line":22,"column":42}},"24":{"start":{"line":23,"column":51},"end":{"line":25,"column":null}},"25":{"start":{"line":23,"column":21},"end":{"line":23,"column":34}},"26":{"start":{"line":23,"column":46},"end":{"line":23,"column":51}},"27":{"start":{"line":29,"column":4},"end":{"line":29,"column":70}},"28":{"start":{"line":28,"column":29},"end":{"line":28,"column":42}},"29":{"start":{"line":28,"column":57},"end":{"line":28,"column":null}},"30":{"start":{"line":31,"column":2},"end":{"line":37,"column":51}},"31":{"start":{"line":32,"column":4},"end":{"line":36,"column":8}},"32":{"start":{"line":32,"column":30},"end":{"line":36,"column":7}},"33":{"start":{"line":39,"column":2},"end":{"line":47,"column":48}},"34":{"start":{"line":40,"column":4},"end":{"line":46,"column":5}},"35":{"start":{"line":41,"column":6},"end":{"line":41,"column":62}},"36":{"start":{"line":42,"column":11},"end":{"line":46,"column":5}},"37":{"start":{"line":43,"column":6},"end":{"line":43,"column":65}},"38":{"start":{"line":45,"column":6},"end":{"line":45,"column":55}},"39":{"start":{"line":49,"column":2},"end":{"line":57,"column":47}},"40":{"start":{"line":50,"column":4},"end":{"line":56,"column":5}},"41":{"start":{"line":51,"column":6},"end":{"line":51,"column":70}},"42":{"start":{"line":52,"column":6},"end":{"line":52,"column":70}},"43":{"start":{"line":53,"column":11},"end":{"line":56,"column":5}},"44":{"start":{"line":54,"column":6},"end":{"line":54,"column":62}},"45":{"start":{"line":55,"column":6},"end":{"line":55,"column":62}},"46":{"start":{"line":59,"column":2},"end":{"line":111,"column":4}},"47":{"start":{"line":114,"column":0},"end":{"line":114,"column":24}}},"fnMap":{"0":{"name":"(anonymous_3)","decl":{"start":{"line":16,"column":17},"end":{"line":16,"column":null}},"loc":{"start":{"line":16,"column":17},"end":{"line":112,"column":1}}},"1":{"name":"(anonymous_4)","decl":{"start":{"line":18,"column":37},"end":{"line":18,"column":38}},"loc":{"start":{"line":18,"column":43},"end":{"line":18,"column":53}}},"2":{"name":"(anonymous_5)","decl":{"start":{"line":19,"column":38},"end":{"line":19,"column":39}},"loc":{"start":{"line":19,"column":44},"end":{"line":19,"column":54}}},"3":{"name":"(anonymous_6)","decl":{"start":{"line":20,"column":32},"end":{"line":20,"column":33}},"loc":{"start":{"line":20,"column":38},"end":{"line":20,"column":48}}},"4":{"name":"(anonymous_7)","decl":{"start":{"line":21,"column":35},"end":{"line":21,"column":36}},"loc":{"start":{"line":21,"column":41},"end":{"line":21,"column":51}}},"5":{"name":"(anonymous_8)","decl":{"start":{"line":31,"column":12},"end":{"line":31,"column":null}},"loc":{"start":{"line":31,"column":12},"end":{"line":37,"column":3}}},"6":{"name":"(anonymous_9)","decl":{"start":{"line":32,"column":20},"end":{"line":32,"column":21}},"loc":{"start":{"line":32,"column":25},"end":{"line":32,"column":null}}},"7":{"name":"(anonymous_10)","decl":{"start":{"line":39,"column":12},"end":{"line":39,"column":null}},"loc":{"start":{"line":39,"column":12},"end":{"line":47,"column":3}}},"8":{"name":"(anonymous_11)","decl":{"start":{"line":49,"column":12},"end":{"line":49,"column":null}},"loc":{"start":{"line":49,"column":12},"end":{"line":57,"column":3}}}},"branchMap":{"0":{"loc":{"start":{"line":40,"column":4},"end":{"line":46,"column":5}},"type":"if","locations":[{"start":{"line":40,"column":4},"end":{"line":46,"column":5}},{"start":{"line":42,"column":11},"end":{"line":46,"column":5}}]},"1":{"loc":{"start":{"line":42,"column":11},"end":{"line":46,"column":5}},"type":"if","locations":[{"start":{"line":42,"column":11},"end":{"line":46,"column":5}},{"start":{"line":44,"column":11},"end":{"line":46,"column":5}}]},"2":{"loc":{"start":{"line":50,"column":4},"end":{"line":56,"column":5}},"type":"if","locations":[{"start":{"line":50,"column":4},"end":{"line":56,"column":5}},{"start":{"line":53,"column":11},"end":{"line":56,"column":5}}]},"3":{"loc":{"start":{"line":50,"column":8},"end":{"line":50,"column":31}},"type":"binary-expr","locations":[{"start":{"line":50,"column":8},"end":{"line":50,"column":14}},{"start":{"line":50,"column":18},"end":{"line":50,"column":31}}]},"4":{"loc":{"start":{"line":53,"column":11},"end":{"line":56,"column":5}},"type":"if","locations":[{"start":{"line":53,"column":11},"end":{"line":56,"column":5}}]},"5":{"loc":{"start":{"line":63,"column":9},"end":{"line":107,"column":null}},"type":"cond-expr","locations":[{"start":{"line":64,"column":10},"end":{"line":64,"column":21}},{"start":{"line":66,"column":10},"end":{"line":106,"column":null}}]},"6":{"loc":{"start":{"line":68,"column":13},"end":{"line":105,"column":null}},"type":"cond-expr","locations":[{"start":{"line":69,"column":14},"end":{"line":86,"column":null}},{"start":{"line":89,"column":14},"end":{"line":104,"column":null}}]},"7":{"loc":{"start":{"line":70,"column":17},"end":{"line":85,"column":null}},"type":"cond-expr","locations":[{"start":{"line":73,"column":18},"end":{"line":82,"column":null}},{"start":{"line":85,"column":18},"end":{"line":85,"column":31}}]},"8":{"loc":{"start":{"line":70,"column":17},"end":{"line":72,"column":45}},"type":"binary-expr","locations":[{"start":{"line":70,"column":17},"end":{"line":70,"column":30}},{"start":{"line":71,"column":16},"end":{"line":71,"column":34}},{"start":{"line":72,"column":16},"end":{"line":72,"column":45}}]},"9":{"loc":{"start":{"line":90,"column":17},"end":{"line":103,"column":null}},"type":"cond-expr","locations":[{"start":{"line":91,"column":18},"end":{"line":100,"column":null}},{"start":{"line":103,"column":18},"end":{"line":103,"column":31}}]},"10":{"loc":{"start":{"line":90,"column":17},"end":{"line":90,"column":61}},"type":"binary-expr","locations":[{"start":{"line":90,"column":17},"end":{"line":90,"column":22}},{"start":{"line":90,"column":26},"end":{"line":90,"column":36}},{"start":{"line":90,"column":40},"end":{"line":90,"column":61}}]}},"s":{"0":1,"1":1,"2":1,"3":1,"4":1,"5":1,"6":1,"7":1,"8":1,"9":1,"10":1,"11":1,"12":6,"13":6,"14":7,"15":6,"16":7,"17":6,"18":7,"19":6,"20":7,"21":6,"22":6,"23":6,"24":6,"25":6,"26":6,"27":6,"28":6,"29":6,"30":6,"31":4,"32":4,"33":6,"34":1,"35":0,"36":1,"37":0,"38":1,"39":6,"40":6,"41":0,"42":0,"43":6,"44":6,"45":6,"46":6,"47":1},"f":{"0":6,"1":7,"2":7,"3":7,"4":7,"5":4,"6":4,"7":1,"8":6},"b":{"0":[0,1],"1":[0,1],"2":[0,6],"3":[6,0],"4":[6],"5":[0,6],"6":[0,6],"7":[0,0],"8":[0,0,0],"9":[6,0],"10":[6,6,6]}}
,"C:\\Users\\THINKPAD-I5 Pro EVO\\Desktop\\Software developtment\\avito_internship\\src\\pages\\Page404\\Page404.tsx": {"path":"C:\\Users\\THINKPAD-I5 Pro EVO\\Desktop\\Software developtment\\avito_internship\\src\\pages\\Page404\\Page404.tsx","statementMap":{"0":{"start":{"line":1,"column":0},"end":{"line":1,"column":24}},"1":{"start":{"line":4,"column":2},"end":{"line":9,"column":4}},"2":{"start":{"line":3,"column":0},"end":{"line":3,"column":24}}},"fnMap":{"0":{"name":"Page404","decl":{"start":{"line":3,"column":24},"end":{"line":3,"column":31}},"loc":{"start":{"line":3,"column":31},"end":{"line":10,"column":1}}}},"branchMap":{},"s":{"0":1,"1":1,"2":1},"f":{"0":1},"b":{}}
,"C:\\Users\\THINKPAD-I5 Pro EVO\\Desktop\\Software developtment\\avito_internship\\src\\pages\\RandomFilmPage\\RandomFilmPage.tsx": {"path":"C:\\Users\\THINKPAD-I5 Pro EVO\\Desktop\\Software developtment\\avito_internship\\src\\pages\\RandomFilmPage\\RandomFilmPage.tsx","statementMap":{"0":{"start":{"line":1,"column":0},"end":{"line":1,"column":69}},"1":{"start":{"line":2,"column":0},"end":{"line":2,"column":81}},"2":{"start":{"line":4,"column":23},"end":{"line":11,"column":1}},"3":{"start":{"line":5,"column":2},"end":{"line":10,"column":4}},"4":{"start":{"line":13,"column":0},"end":{"line":13,"column":30}}},"fnMap":{"0":{"name":"(anonymous_1)","decl":{"start":{"line":4,"column":23},"end":{"line":4,"column":null}},"loc":{"start":{"line":4,"column":23},"end":{"line":11,"column":1}}}},"branchMap":{},"s":{"0":0,"1":0,"2":0,"3":0,"4":0},"f":{"0":0},"b":{}}
}
