TN:
SF:src/app.tsx
FN:12,(anonymous_1)
FN:15,(anonymous_2)
FN:19,(anonymous_3)
FNF:3
FNH:0
FNDA:0,(anonymous_1)
FNDA:0,(anonymous_2)
FNDA:0,(anonymous_3)
DA:1,0
DA:2,0
DA:3,0
DA:4,0
DA:5,0
DA:6,0
DA:7,0
DA:8,0
DA:9,0
DA:10,0
DA:12,0
DA:13,0
DA:15,0
DA:16,0
DA:19,0
DA:21,0
LF:16
LH:0
BRF:0
BRH:0
end_of_record
TN:
SF:src/index.tsx
FNF:0
FNH:0
DA:1,0
DA:2,0
DA:3,0
DA:4,0
DA:5,0
DA:6,0
DA:7,0
DA:8,0
DA:10,0
LF:9
LH:0
BRF:0
BRH:0
end_of_record
TN:
SF:src/components/react-components/CustomPagination/CustomPagination.tsx
FN:10,(anonymous_3)
FN:14,(anonymous_4)
FN:19,(anonymous_5)
FN:20,(anonymous_6)
FN:43,(anonymous_7)
FN:48,(anonymous_8)
FN:51,(anonymous_9)
FN:55,(anonymous_10)
FN:80,(anonymous_12)
FN:94,(anonymous_13)
FN:100,(anonymous_14)
FNF:11
FNH:7
FNDA:6,(anonymous_3)
FNDA:7,(anonymous_4)
FNDA:1,(anonymous_5)
FNDA:1,(anonymous_6)
FNDA:6,(anonymous_7)
FNDA:6,(anonymous_8)
FNDA:0,(anonymous_9)
FNDA:0,(anonymous_10)
FNDA:1,(anonymous_12)
FNDA:0,(anonymous_13)
FNDA:0,(anonymous_14)
DA:1,1
DA:2,1
DA:3,1
DA:4,1
DA:5,1
DA:10,6
DA:11,6
DA:12,6
DA:13,6
DA:14,7
DA:16,6
DA:20,1
DA:24,1
DA:28,6
DA:35,1
DA:43,1
DA:44,6
DA:45,6
DA:46,6
DA:48,6
DA:49,6
DA:51,6
DA:52,6
DA:55,0
DA:60,6
DA:61,6
DA:63,6
DA:64,6
DA:67,6
DA:68,0
DA:71,6
DA:72,0
DA:75,30
DA:76,30
DA:80,1
DA:87,6
DA:88,0
DA:91,6
DA:94,0
DA:99,6
DA:100,0
DA:103,6
DA:106,6
LF:43
LH:37
BRDA:29,0,0,6
BRDA:29,0,1,0
BRDA:63,1,0,6
BRDA:67,2,0,0
BRDA:71,3,0,0
BRDA:87,4,0,0
BRF:6
BRH:2
end_of_record
TN:
SF:src/components/react-components/ErrorBoundary/ErrorBoundary.tsx
FN:4,(anonymous_6)
FN:8,ErrorBoundary
FN:13,(anonymous_8)
FN:18,(anonymous_9)
FN:24,(anonymous_10)
FNF:5
FNH:0
FNDA:0,(anonymous_6)
FNDA:0,ErrorBoundary
FNDA:0,(anonymous_8)
FNDA:0,(anonymous_9)
FNDA:0,(anonymous_10)
DA:1,0
DA:4,0
DA:9,0
DA:10,0
DA:13,0
DA:14,0
DA:15,0
DA:18,0
DA:19,0
DA:20,0
DA:21,0
DA:24,0
DA:25,0
DA:26,0
DA:29,0
DA:31,0
LF:16
LH:0
BRDA:9,0,0,0
BRDA:9,0,1,0
BRDA:25,1,0,0
BRF:3
BRH:0
end_of_record
TN:
SF:src/components/react-components/ErrorBoundary/ErrorMessage.tsx
FN:3,ErrorMessage
FNF:1
FNH:0
FNDA:0,ErrorMessage
DA:1,0
DA:3,0
DA:4,0
LF:3
LH:0
BRF:0
BRH:0
end_of_record
TN:
SF:src/components/react-components/FilmCard/FilmCard.tsx
FN:23,(anonymous_1)
FN:35,(anonymous_2)
FN:41,(anonymous_3)
FN:47,(anonymous_4)
FNF:4
FNH:0
FNDA:0,(anonymous_1)
FNDA:0,(anonymous_2)
FNDA:0,(anonymous_3)
FNDA:0,(anonymous_4)
DA:1,0
DA:2,0
DA:7,0
DA:9,0
DA:10,0
DA:11,0
DA:12,0
DA:13,0
DA:14,0
DA:15,0
DA:16,0
DA:17,0
DA:23,0
DA:33,0
DA:34,0
DA:35,0
DA:36,0
DA:41,0
DA:42,0
DA:47,0
DA:48,0
DA:53,0
DA:109,0
LF:23
LH:0
BRDA:56,0,0,0
BRDA:56,0,1,0
BRDA:57,1,0,0
BRDA:57,1,1,0
BRDA:62,2,0,0
BRDA:62,2,1,0
BRDA:67,3,0,0
BRDA:67,3,1,0
BRDA:67,4,0,0
BRDA:67,4,1,0
BRDA:71,5,0,0
BRDA:71,5,1,0
BRDA:78,6,0,0
BRDA:78,6,1,0
BRDA:82,7,0,0
BRDA:82,7,1,0
BRDA:89,8,0,0
BRDA:89,8,1,0
BRDA:93,9,0,0
BRDA:93,9,1,0
BRDA:100,10,0,0
BRDA:100,10,1,0
BRF:22
BRH:0
end_of_record
TN:
SF:src/components/react-components/FilmCard/ActorsList/ActorsList.tsx
FN:13,(anonymous_1)
FN:16,(anonymous_2)
FN:24,(anonymous_3)
FN:33,(anonymous_4)
FNF:4
FNH:0
FNDA:0,(anonymous_1)
FNDA:0,(anonymous_2)
FNDA:0,(anonymous_3)
FNDA:0,(anonymous_4)
DA:1,0
DA:2,0
DA:4,0
DA:5,0
DA:6,0
DA:7,0
DA:13,0
DA:14,0
DA:15,0
DA:16,0
DA:18,0
DA:19,0
DA:21,0
DA:25,0
DA:29,0
DA:33,0
DA:51,0
LF:17
LH:0
BRDA:37,0,0,0
BRDA:37,0,1,0
BRDA:38,1,0,0
BRDA:38,1,1,0
BRF:4
BRH:0
end_of_record
TN:
SF:src/components/react-components/FilmCard/FilmInfo/FilmInfo.tsx
FN:12,(anonymous_0)
FNF:1
FNH:0
FNDA:0,(anonymous_0)
DA:2,0
DA:12,0
DA:13,0
DA:34,0
LF:4
LH:0
BRDA:15,0,0,0
BRDA:15,0,1,0
BRDA:17,1,0,0
BRDA:17,1,1,0
BRDA:18,2,0,0
BRDA:18,2,1,0
BRDA:24,3,0,0
BRDA:24,3,1,0
BRDA:25,4,0,0
BRDA:25,4,1,0
BRDA:27,5,0,0
BRDA:27,5,1,0
BRDA:28,6,0,0
BRDA:28,6,1,0
BRF:14
BRH:0
end_of_record
TN:
SF:src/components/react-components/FilmCard/PostersList/PostersList.tsx
FN:12,(anonymous_1)
FN:16,(anonymous_2)
FN:19,(anonymous_3)
FN:33,(anonymous_4)
FN:36,(anonymous_5)
FNF:5
FNH:0
FNDA:0,(anonymous_1)
FNDA:0,(anonymous_2)
FNDA:0,(anonymous_3)
FNDA:0,(anonymous_4)
FNDA:0,(anonymous_5)
DA:1,0
DA:2,0
DA:3,0
DA:5,0
DA:6,0
DA:12,0
DA:13,0
DA:14,0
DA:16,0
DA:17,0
DA:19,0
DA:20,0
DA:24,0
DA:29,0
DA:33,0
DA:36,0
DA:54,0
LF:17
LH:0
BRDA:17,0,0,0
BRF:1
BRH:0
end_of_record
TN:
SF:src/components/react-components/FilmCard/ReviewsList/ReviewsList.tsx
FN:14,(anonymous_1)
FN:16,(anonymous_2)
FN:21,(anonymous_3)
FN:29,(anonymous_4)
FNF:4
FNH:0
FNDA:0,(anonymous_1)
FNDA:0,(anonymous_2)
FNDA:0,(anonymous_3)
FNDA:0,(anonymous_4)
DA:1,0
DA:2,0
DA:3,0
DA:4,0
DA:6,0
DA:7,0
DA:8,0
DA:14,0
DA:15,0
DA:16,0
DA:18,0
DA:22,0
DA:26,0
DA:29,0
DA:44,0
LF:15
LH:0
BRF:0
BRH:0
end_of_record
TN:
SF:src/components/react-components/FilmCard/SeasonsList/SeasonList.tsx
FN:12,(anonymous_7)
FN:14,(anonymous_8)
FN:18,(anonymous_9)
FN:24,(anonymous_10)
FN:25,(anonymous_11)
FN:32,(anonymous_13)
FN:47,(anonymous_14)
FN:66,(anonymous_15)
FNF:8
FNH:0
FNDA:0,(anonymous_7)
FNDA:0,(anonymous_8)
FNDA:0,(anonymous_9)
FNDA:0,(anonymous_10)
FNDA:0,(anonymous_11)
FNDA:0,(anonymous_13)
FNDA:0,(anonymous_14)
FNDA:0,(anonymous_15)
DA:1,0
DA:2,0
DA:3,0
DA:4,0
DA:6,0
DA:12,0
DA:13,0
DA:14,0
DA:15,0
DA:17,0
DA:19,0
DA:24,0
DA:25,0
DA:26,0
DA:27,0
DA:28,0
DA:32,0
DA:38,0
DA:41,0
DA:44,0
DA:47,0
DA:66,0
DA:87,0
LF:23
LH:0
BRDA:34,0,0,0
BRDA:34,0,1,0
BRDA:34,1,0,0
BRDA:34,1,1,0
BRDA:57,2,0,0
BRDA:57,2,1,0
BRDA:57,2,2,0
BRDA:60,3,0,0
BRDA:60,3,1,0
BRDA:60,4,0,0
BRDA:60,4,1,0
BRDA:61,5,0,0
BRDA:61,5,1,0
BRDA:61,6,0,0
BRDA:61,6,1,0
BRDA:68,7,0,0
BRDA:68,7,1,0
BRDA:71,8,0,0
BRDA:71,8,1,0
BRDA:71,9,0,0
BRDA:71,9,1,0
BRDA:72,10,0,0
BRDA:72,10,1,0
BRDA:72,11,0,0
BRDA:72,11,1,0
BRDA:75,12,0,0
BRDA:75,12,1,0
BRDA:75,13,0,0
BRDA:75,13,1,0
BRF:29
BRH:0
end_of_record
TN:
SF:src/components/react-components/FilmCard/SimilarFilms/SimilarFilms.tsx
FN:16,(anonymous_1)
FN:21,(anonymous_2)
FN:24,(anonymous_3)
FN:43,(anonymous_4)
FN:46,(anonymous_5)
FNF:5
FNH:0
FNDA:0,(anonymous_1)
FNDA:0,(anonymous_2)
FNDA:0,(anonymous_3)
FNDA:0,(anonymous_4)
FNDA:0,(anonymous_5)
DA:1,0
DA:2,0
DA:3,0
DA:4,0
DA:6,0
DA:10,0
DA:16,0
DA:17,0
DA:18,0
DA:19,0
DA:21,0
DA:22,0
DA:24,0
DA:25,0
DA:29,0
DA:34,0
DA:43,0
DA:46,0
DA:69,0
LF:19
LH:0
BRDA:22,0,0,0
BRDA:31,1,0,0
BRDA:31,1,1,0
BRDA:55,2,0,0
BRDA:55,2,1,0
BRF:5
BRH:0
end_of_record
TN:
SF:src/components/react-components/FilmList/FilmList.tsx
FN:10,(anonymous_1)
FN:17,(anonymous_2)
FNF:2
FNH:2
FNDA:6,(anonymous_1)
FNDA:6,(anonymous_2)
DA:2,1
DA:3,1
DA:10,6
DA:11,6
DA:17,6
DA:25,1
LF:6
LH:6
BRF:0
BRH:0
end_of_record
TN:
SF:src/components/react-components/FilmList/Card/Card.tsx
FN:9,(anonymous_0)
FNF:1
FNH:1
FNDA:6,(anonymous_0)
DA:1,1
DA:3,1
DA:9,6
DA:11,6
DA:16,6
DA:34,1
LF:6
LH:6
BRDA:11,0,0,6
BRDA:11,0,1,0
BRDA:11,0,2,0
BRDA:11,0,3,0
BRDA:11,0,4,0
BRDA:13,1,0,0
BRDA:13,1,1,0
BRDA:13,2,0,0
BRDA:13,2,1,0
BRDA:22,3,0,6
BRDA:22,3,1,0
BRDA:22,4,0,6
BRDA:22,4,1,6
BRDA:22,5,0,6
BRDA:22,5,1,0
BRDA:22,6,0,6
BRDA:22,6,1,6
BRDA:22,7,0,0
BRDA:22,7,1,6
BRDA:22,8,0,6
BRDA:22,8,1,6
BRDA:23,9,0,0
BRDA:23,9,1,0
BRDA:23,10,0,0
BRDA:23,10,1,0
BRF:25
BRH:10
end_of_record
TN:
SF:src/components/react-components/FiltersContainer/FiltersContainer.tsx
FN:10,(anonymous_3)
FN:13,(anonymous_4)
FN:16,(anonymous_5)
FN:18,(anonymous_6)
FN:26,(anonymous_7)
FNF:5
FNH:2
FNDA:6,(anonymous_3)
FNDA:7,(anonymous_4)
FNDA:0,(anonymous_5)
FNDA:0,(anonymous_6)
FNDA:0,(anonymous_7)
DA:1,1
DA:2,1
DA:3,1
DA:4,1
DA:5,1
DA:6,1
DA:7,1
DA:8,1
DA:10,1
DA:11,6
DA:12,6
DA:13,7
DA:15,6
DA:17,0
DA:18,0
DA:22,0
DA:26,0
DA:30,0
DA:36,6
DA:50,1
LF:20
LH:15
BRDA:17,0,0,0
BRDA:17,0,1,0
BRF:2
BRH:0
end_of_record
TN:
SF:src/components/react-components/FiltersContainer/FiltersBar/FiltersBar.tsx
FN:17,(anonymous_3)
FN:27,(anonymous_4)
FN:28,(anonymous_5)
FN:34,(anonymous_6)
FN:50,(anonymous_7)
FN:66,(anonymous_8)
FN:81,(anonymous_9)
FN:96,(anonymous_10)
FN:102,(anonymous_11)
FN:103,(anonymous_12)
FN:105,(anonymous_13)
FNF:11
FNH:5
FNDA:6,(anonymous_3)
FNDA:4,(anonymous_4)
FNDA:4,(anonymous_5)
FNDA:0,(anonymous_6)
FNDA:0,(anonymous_7)
FNDA:0,(anonymous_8)
FNDA:0,(anonymous_9)
FNDA:1428,(anonymous_10)
FNDA:24,(anonymous_11)
FNDA:0,(anonymous_12)
FNDA:0,(anonymous_13)
DA:1,1
DA:2,1
DA:3,1
DA:4,1
DA:5,1
DA:9,1
DA:10,1
DA:11,1
DA:12,1
DA:14,1
DA:15,1
DA:17,1
DA:18,6
DA:19,6
DA:21,6
DA:22,6
DA:23,6
DA:25,6
DA:27,6
DA:28,4
DA:33,6
DA:35,0
DA:36,0
DA:38,0
DA:49,6
DA:51,0
DA:52,0
DA:54,0
DA:65,6
DA:67,0
DA:68,0
DA:70,0
DA:81,6
DA:82,0
DA:85,6
DA:96,1428
DA:102,24
DA:104,0
DA:105,0
DA:119,1
LF:40
LH:28
BRDA:21,0,0,6
BRDA:21,0,1,6
BRDA:22,1,0,6
BRDA:22,1,1,6
BRDA:23,2,0,6
BRDA:23,2,1,6
BRDA:35,3,0,0
BRDA:35,3,1,0
BRDA:51,4,0,0
BRDA:51,4,1,0
BRDA:67,5,0,0
BRDA:67,5,1,0
BRDA:105,6,0,0
BRDA:105,6,1,0
BRDA:105,7,0,0
BRDA:105,7,1,0
BRDA:105,8,0,0
BRDA:105,8,1,0
BRF:18
BRH:6
end_of_record
TN:
SF:src/components/react-components/Header/Header.tsx
FN:11,(anonymous_1)
FN:13,(anonymous_2)
FN:16,(anonymous_3)
FN:20,(anonymous_4)
FN:24,(anonymous_5)
FN:28,(anonymous_6)
FNF:6
FNH:3
FNDA:6,(anonymous_1)
FNDA:7,(anonymous_2)
FNDA:0,(anonymous_3)
FNDA:0,(anonymous_4)
FNDA:0,(anonymous_5)
FNDA:1,(anonymous_6)
DA:1,1
DA:2,1
DA:3,1
DA:4,1
DA:5,1
DA:6,1
DA:7,1
DA:8,1
DA:9,1
DA:11,1
DA:12,6
DA:13,7
DA:14,6
DA:16,6
DA:17,0
DA:20,6
DA:21,0
DA:24,6
DA:25,0
DA:28,6
DA:29,1
DA:30,0
DA:34,6
DA:55,1
LF:24
LH:20
BRDA:29,0,0,0
BRF:1
BRH:0
end_of_record
TN:
SF:src/components/react-components/Header/HeaderButtons/HeaderButtons.tsx
FN:11,(anonymous_0)
FNF:1
FNH:1
FNDA:12,(anonymous_0)
DA:1,1
DA:2,1
DA:3,1
DA:11,12
DA:12,12
DA:42,1
LF:6
LH:6
BRDA:14,0,0,0
BRDA:14,0,1,12
BRF:2
BRH:1
end_of_record
TN:
SF:src/components/react-components/Header/Logo/Logo.tsx
FN:4,(anonymous_0)
FNF:1
FNH:1
FNDA:12,(anonymous_0)
DA:1,1
DA:2,1
DA:4,1
DA:5,12
DA:14,1
LF:5
LH:5
BRF:0
BRH:0
end_of_record
TN:
SF:src/components/react-components/Header/MobileHeader/MobileHeader.tsx
FN:13,(anonymous_1)
FNF:1
FNH:1
FNDA:6,(anonymous_1)
DA:1,1
DA:2,1
DA:3,1
DA:4,1
DA:5,1
DA:13,6
DA:14,6
DA:53,1
LF:8
LH:8
BRF:0
BRH:0
end_of_record
TN:
SF:src/components/react-components/Header/Search/Search.tsx
FN:13,(anonymous_2)
FN:18,(anonymous_3)
FN:19,(anonymous_4)
FN:21,(anonymous_5)
FN:23,(anonymous_6)
FN:30,(anonymous_7)
FN:37,(anonymous_8)
FN:42,(anonymous_9)
FN:49,(anonymous_10)
FN:58,(anonymous_11)
FN:67,(anonymous_12)
FN:77,(anonymous_13)
FN:85,(anonymous_14)
FN:105,(anonymous_15)
FN:110,(anonymous_16)
FN:123,(anonymous_17)
FNF:16
FNH:6
FNDA:12,(anonymous_2)
FNDA:14,(anonymous_3)
FNDA:14,(anonymous_4)
FNDA:8,(anonymous_5)
FNDA:0,(anonymous_6)
FNDA:8,(anonymous_7)
FNDA:0,(anonymous_8)
FNDA:0,(anonymous_9)
FNDA:0,(anonymous_10)
FNDA:0,(anonymous_11)
FNDA:0,(anonymous_12)
FNDA:0,(anonymous_13)
FNDA:2,(anonymous_14)
FNDA:0,(anonymous_15)
FNDA:0,(anonymous_16)
FNDA:0,(anonymous_17)
DA:1,1
DA:2,1
DA:3,1
DA:4,1
DA:5,1
DA:6,1
DA:10,1
DA:11,1
DA:13,1
DA:14,12
DA:15,12
DA:16,12
DA:17,12
DA:18,14
DA:19,14
DA:21,12
DA:22,8
DA:23,0
DA:30,8
DA:37,12
DA:38,0
DA:41,12
DA:43,0
DA:45,0
DA:46,0
DA:49,0
DA:50,0
DA:52,0
DA:57,12
DA:59,0
DA:60,0
DA:61,0
DA:66,12
DA:68,0
DA:69,0
DA:70,0
DA:76,12
DA:78,0
DA:79,0
DA:85,12
DA:86,2
DA:87,0
DA:91,12
DA:106,0
DA:110,0
DA:123,0
DA:129,1
LF:47
LH:27
BRDA:16,0,0,12
BRDA:16,0,1,12
BRDA:22,1,0,0
BRDA:22,1,1,8
BRDA:45,2,0,0
BRDA:45,3,0,0
BRDA:45,3,1,0
BRDA:69,4,0,0
BRDA:78,5,0,0
BRDA:86,6,0,0
BRDA:102,7,0,12
BRDA:102,7,1,0
BRDA:102,7,2,0
BRDA:106,8,0,0
BRDA:106,8,1,0
BRF:15
BRH:4
end_of_record
TN:
SF:src/components/react-components/Loader/Loader.tsx
FN:4,(anonymous_0)
FNF:1
FNH:0
FNDA:0,(anonymous_0)
DA:1,1
DA:2,1
DA:4,1
DA:5,0
DA:12,1
LF:5
LH:4
BRF:0
BRH:0
end_of_record
TN:
SF:src/components/react-components/LoginModal/AuthModal.tsx
FN:10,AuthModal
FNF:1
FNH:1
FNDA:6,AuthModal
DA:1,1
DA:2,1
DA:3,1
DA:11,6
DA:33,1
LF:5
LH:5
BRF:0
BRH:0
end_of_record
TN:
SF:src/components/react-components/LoginModal/LoginForm/LoginForm.tsx
FN:9,(anonymous_1)
FN:11,(anonymous_2)
FN:12,(anonymous_3)
FN:13,(anonymous_4)
FN:14,(anonymous_5)
FN:17,(anonymous_6)
FN:24,(anonymous_7)
FN:30,(anonymous_8)
FN:53,(anonymous_9)
FN:67,(anonymous_10)
FNF:10
FNH:0
FNDA:0,(anonymous_1)
FNDA:0,(anonymous_2)
FNDA:0,(anonymous_3)
FNDA:0,(anonymous_4)
FNDA:0,(anonymous_5)
FNDA:0,(anonymous_6)
FNDA:0,(anonymous_7)
FNDA:0,(anonymous_8)
FNDA:0,(anonymous_9)
FNDA:0,(anonymous_10)
DA:1,1
DA:2,1
DA:3,1
DA:4,1
DA:5,1
DA:6,1
DA:7,1
DA:9,1
DA:10,0
DA:11,0
DA:12,0
DA:13,0
DA:14,0
DA:16,0
DA:18,0
DA:23,0
DA:25,0
DA:30,0
DA:31,0
DA:34,0
DA:53,0
DA:67,0
DA:84,1
LF:23
LH:9
BRDA:37,0,0,0
BRDA:37,0,1,0
BRF:2
BRH:0
end_of_record
TN:
SF:src/components/react-components/NoResults/NoResults.tsx
FN:8,(anonymous_0)
FNF:1
FNH:0
FNDA:0,(anonymous_0)
DA:1,1
DA:2,1
DA:8,1
DA:9,0
DA:12,1
LF:5
LH:4
BRF:0
BRH:0
end_of_record
TN:
SF:src/components/react-components/PrivateRoutes/PrivateRoutes.tsx
FN:8,(anonymous_0)
FNF:1
FNH:0
FNDA:0,(anonymous_0)
DA:1,0
DA:8,0
DA:9,0
DA:10,0
DA:12,0
LF:5
LH:0
BRDA:10,0,0,0
BRDA:10,0,1,0
BRDA:12,1,0,0
BRDA:12,1,1,0
BRF:4
BRH:0
end_of_record
TN:
SF:src/components/react-components/RandomFilm/RandomFilm.tsx
FN:12,(anonymous_1)
FN:17,(anonymous_2)
FN:20,(anonymous_3)
FN:25,(anonymous_4)
FN:31,(anonymous_5)
FNF:5
FNH:0
FNDA:0,(anonymous_1)
FNDA:0,(anonymous_2)
FNDA:0,(anonymous_3)
FNDA:0,(anonymous_4)
FNDA:0,(anonymous_5)
DA:1,0
DA:2,0
DA:3,0
DA:4,0
DA:5,0
DA:6,0
DA:7,0
DA:8,0
DA:9,0
DA:10,0
DA:12,0
DA:13,0
DA:14,0
DA:15,0
DA:16,0
DA:17,0
DA:19,0
DA:20,0
DA:23,0
DA:25,0
DA:26,0
DA:27,0
DA:28,0
DA:31,0
DA:32,0
DA:33,0
DA:34,0
DA:35,0
DA:39,0
DA:56,0
LF:30
LH:0
BRDA:32,0,0,0
BRDA:32,0,1,0
BRDA:32,1,0,0
BRDA:32,1,1,0
BRDA:34,2,0,0
BRDA:41,3,0,0
BRDA:41,3,1,0
BRDA:47,4,0,0
BRDA:47,4,1,0
BRDA:47,4,2,0
BRF:10
BRH:0
end_of_record
TN:
SF:src/components/react-components/RandomFilm/RandomButton/RandomButton.tsx
FN:8,(anonymous_0)
FNF:1
FNH:1
FNDA:2,(anonymous_0)
DA:1,1
DA:2,1
DA:8,2
DA:9,2
DA:20,1
LF:5
LH:5
BRF:0
BRH:0
end_of_record
TN:
SF:src/components/react-components/RandomFilm/RandomFilters/RandomFilters.tsx
FN:16,(anonymous_1)
FN:20,(anonymous_2)
FN:28,(anonymous_3)
FN:36,(anonymous_4)
FN:44,(anonymous_5)
FN:52,(anonymous_6)
FN:60,(anonymous_7)
FN:68,(anonymous_8)
FN:75,(anonymous_9)
FN:94,(anonymous_10)
FN:100,(anonymous_11)
FN:101,(anonymous_12)
FN:103,(anonymous_13)
FN:114,(anonymous_14)
FNF:14
FNH:0
FNDA:0,(anonymous_1)
FNDA:0,(anonymous_2)
FNDA:0,(anonymous_3)
FNDA:0,(anonymous_4)
FNDA:0,(anonymous_5)
FNDA:0,(anonymous_6)
FNDA:0,(anonymous_7)
FNDA:0,(anonymous_8)
FNDA:0,(anonymous_9)
FNDA:0,(anonymous_10)
FNDA:0,(anonymous_11)
FNDA:0,(anonymous_12)
FNDA:0,(anonymous_13)
FNDA:0,(anonymous_14)
DA:1,0
DA:2,0
DA:3,0
DA:4,0
DA:5,0
DA:6,0
DA:7,0
DA:8,0
DA:9,0
DA:10,0
DA:11,0
DA:12,0
DA:13,0
DA:14,0
DA:16,0
DA:17,0
DA:19,0
DA:21,0
DA:22,0
DA:27,0
DA:29,0
DA:30,0
DA:35,0
DA:37,0
DA:38,0
DA:43,0
DA:45,0
DA:46,0
DA:51,0
DA:53,0
DA:54,0
DA:59,0
DA:61,0
DA:62,0
DA:67,0
DA:69,0
DA:70,0
DA:75,0
DA:76,0
DA:79,0
DA:94,0
DA:100,0
DA:102,0
DA:103,0
DA:114,0
DA:129,0
LF:46
LH:0
BRDA:103,0,0,0
BRDA:103,0,1,0
BRDA:103,1,0,0
BRDA:103,1,1,0
BRDA:103,2,0,0
BRDA:103,2,1,0
BRF:6
BRH:0
end_of_record
TN:
SF:src/components/react-components/RandomFilm/RandomFilters/RatingRange/RatingRange.tsx
FN:8,(anonymous_0)
FN:14,(anonymous_1)
FNF:2
FNH:0
FNDA:0,(anonymous_0)
FNDA:0,(anonymous_1)
DA:1,0
DA:2,0
DA:8,0
DA:9,0
DA:10,0
DA:11,0
DA:13,0
DA:15,0
DA:16,0
DA:17,0
DA:22,0
DA:46,0
LF:12
LH:0
BRF:0
BRH:0
end_of_record
TN:
SF:src/components/react-components/ReturnButton/ReturnButton.tsx
FN:6,(anonymous_0)
FNF:1
FNH:1
FNDA:1,(anonymous_0)
DA:1,1
DA:2,1
DA:3,1
DA:4,1
DA:6,1
DA:7,1
DA:18,1
LF:7
LH:7
BRF:0
BRH:0
end_of_record
TN:
SF:src/components/ui/button.tsx
FN:11,(anonymous_0)
FNF:1
FNH:1
FNDA:27,(anonymous_0)
DA:11,3
DA:12,27
DA:13,27
DA:14,27
DA:15,27
DA:16,27
DA:18,27
LF:7
LH:7
BRF:0
BRH:0
end_of_record
TN:
SF:src/components/ui/select.tsx
FN:11,(anonymous_0)
FN:19,(anonymous_1)
FN:36,(anonymous_2)
FNF:3
FNH:2
FNDA:24,(anonymous_0)
FNDA:0,(anonymous_1)
FNDA:1548,(anonymous_2)
DA:1,1
DA:11,1
DA:12,24
DA:13,24
DA:14,24
DA:15,24
DA:16,24
DA:18,24
DA:20,0
DA:21,0
DA:26,24
DA:36,1548
DA:45,1
LF:13
LH:11
BRDA:16,0,0,0
BRDA:16,0,1,24
BRDA:31,1,0,6
BRDA:31,1,1,18
BRF:4
BRH:3
end_of_record
TN:
SF:src/components/ui/MultiSelectDropdown/MultiSelectDropdown.tsx
FN:11,MultiSelectDropdown
FN:15,(anonymous_2)
FN:20,(anonymous_3)
FN:21,(anonymous_4)
FN:24,(anonymous_5)
FN:43,(anonymous_6)
FN:50,(anonymous_7)
FNF:7
FNH:0
FNDA:0,MultiSelectDropdown
FNDA:0,(anonymous_2)
FNDA:0,(anonymous_3)
FNDA:0,(anonymous_4)
FNDA:0,(anonymous_5)
FNDA:0,(anonymous_6)
FNDA:0,(anonymous_7)
DA:1,0
DA:2,0
DA:3,0
DA:11,0
DA:12,0
DA:13,0
DA:15,0
DA:16,0
DA:19,0
DA:21,0
DA:22,0
DA:23,0
DA:24,0
DA:27,0
DA:29,0
DA:35,0
DA:43,0
DA:50,0
DA:62,0
LF:19
LH:0
BRDA:23,0,0,0
BRDA:23,0,1,0
BRDA:41,1,0,0
BRDA:41,1,1,0
BRF:4
BRH:0
end_of_record
TN:
SF:src/components/ui/Placeholder/placeholder.tsx
FN:8,(anonymous_0)
FNF:1
FNH:1
FNDA:1,(anonymous_0)
DA:1,2
DA:8,2
DA:9,1
DA:12,2
LF:4
LH:4
BRF:0
BRH:0
end_of_record
TN:
SF:src/pages/FilmPage/FilmPage.tsx
FN:10,(anonymous_1)
FNF:1
FNH:0
FNDA:0,(anonymous_1)
DA:1,0
DA:2,0
DA:3,0
DA:4,0
DA:5,0
DA:6,0
DA:7,0
DA:8,0
DA:10,0
DA:11,0
DA:13,0
DA:17,0
DA:34,0
LF:13
LH:0
BRDA:20,0,0,0
BRDA:20,0,1,0
BRDA:22,1,0,0
BRDA:22,1,1,0
BRF:4
BRH:0
end_of_record
TN:
SF:src/pages/MainPage/MainPage.tsx
FN:16,(anonymous_3)
FN:18,(anonymous_4)
FN:19,(anonymous_5)
FN:20,(anonymous_6)
FN:21,(anonymous_7)
FN:31,(anonymous_8)
FN:32,(anonymous_9)
FN:39,(anonymous_10)
FN:49,(anonymous_11)
FNF:9
FNH:9
FNDA:6,(anonymous_3)
FNDA:7,(anonymous_4)
FNDA:7,(anonymous_5)
FNDA:7,(anonymous_6)
FNDA:7,(anonymous_7)
FNDA:4,(anonymous_8)
FNDA:4,(anonymous_9)
FNDA:1,(anonymous_10)
FNDA:6,(anonymous_11)
DA:1,1
DA:2,1
DA:3,1
DA:7,1
DA:8,1
DA:9,1
DA:10,1
DA:11,1
DA:12,1
DA:13,1
DA:14,1
DA:16,1
DA:17,6
DA:18,7
DA:19,7
DA:20,7
DA:21,7
DA:22,6
DA:23,6
DA:28,6
DA:29,6
DA:31,6
DA:32,4
DA:39,6
DA:40,1
DA:41,0
DA:42,1
DA:43,0
DA:45,1
DA:49,6
DA:50,6
DA:51,0
DA:52,0
DA:53,6
DA:54,6
DA:55,6
DA:59,6
DA:114,1
LF:38
LH:34
BRDA:40,0,0,0
BRDA:40,0,1,1
BRDA:42,1,0,0
BRDA:42,1,1,1
BRDA:50,2,0,0
BRDA:50,2,1,6
BRDA:50,3,0,6
BRDA:50,3,1,0
BRDA:53,4,0,6
BRDA:63,5,0,0
BRDA:63,5,1,6
BRDA:68,6,0,0
BRDA:68,6,1,6
BRDA:70,7,0,0
BRDA:70,7,1,0
BRDA:70,8,0,0
BRDA:70,8,1,0
BRDA:70,8,2,0
BRDA:90,9,0,6
BRDA:90,9,1,0
BRDA:90,10,0,6
BRDA:90,10,1,6
BRDA:90,10,2,6
BRF:23
BRH:11
end_of_record
TN:
SF:src/pages/Page404/Page404.tsx
FN:3,Page404
FNF:1
FNH:1
FNDA:1,Page404
DA:1,1
DA:3,1
DA:4,1
LF:3
LH:3
BRF:0
BRH:0
end_of_record
TN:
SF:src/pages/RandomFilmPage/RandomFilmPage.tsx
FN:4,(anonymous_1)
FNF:1
FNH:0
FNDA:0,(anonymous_1)
DA:1,0
DA:2,0
DA:4,0
DA:5,0
DA:13,0
LF:5
LH:0
BRF:0
BRH:0
end_of_record
